<?xml version="1.0" encoding="UTF-8"?>
<robot generator="Robot 7.2 (Python 3.13.1 on win32)" generated="2025-09-07T14:29:27.219307" rpa="false" schemaversion="5">
<suite id="s1" name="Supersport Add Cart" source="C:\Users\Aran-Tester\Documents\GitHub\supersport-add-product-to-cart\supersport_add_cart.robot">
<kw name="Inital Browser" type="SETUP">
<kw name="Set Browser Timeout" owner="Browser">
<msg time="2025-09-07T14:29:27.370166" level="INFO">Starting Browser process C:\Users\Aran-Tester\AppData\Local\Programs\Python\Python313\Lib\site-packages\Browser\wrapper\index.js using port 59095</msg>
<msg time="2025-09-07T14:29:27.370263" level="INFO">Node startup parameters: ['node', 'C:\\Users\\Aran-Tester\\AppData\\Local\\Programs\\Python\\Python313\\Lib\\site-packages\\Browser\\wrapper\\index.js', '59095']</msg>
<arg>timeout=25s</arg>
<tag>Config</tag>
<tag>Setter</tag>
<doc>Sets the timeout used by most input and getter keywords.</doc>
<status status="PASS" start="2025-09-07T14:29:27.345882" elapsed="0.624859"/>
</kw>
<kw name="New Browser" owner="Browser">
<msg time="2025-09-07T14:29:27.971594" level="INFO">{"browser": "chromium", "headless": false, "chromiumSandbox": false, "devtools": false, "handleSIGHUP": true, "handleSIGINT": true, "handleSIGTERM": true, "slowMo": 0.0, "timeout": 30000.0, "tracesDir": "C:\\Users\\Aran-Tester\\Documents\\GitHub\\supersport-add-product-to-cart\\browser\\traces\\temp\\c24fdd9d-5ab4-4ea0-86b9-b7ab08339f82"}</msg>
<msg time="2025-09-07T14:29:28.184842" level="INFO">Successfully created browser with options: {"browser":"chromium","headless":false,"chromiumSandbox":false,"devtools":false,"handleSIGHUP":true,"handleSIGINT":true,"handleSIGTERM":true,"slowMo":0,"timeout":30000,"tracesDir":"C:\\Users\\Aran-Tester\\Documents\\GitHub\\supersport-add-product-to-cart\\browser\\traces\\temp\\c24fdd9d-5ab4-4ea0-86b9-b7ab08339f82"}</msg>
<arg>${BROWSER}</arg>
<arg>headless=${HEADLESS}</arg>
<tag>BrowserControl</tag>
<tag>Setter</tag>
<doc>Create a new playwright Browser with specified options.</doc>
<status status="PASS" start="2025-09-07T14:29:27.970935" elapsed="0.214191"/>
</kw>
<kw name="New Context" owner="Browser">
<msg time="2025-09-07T14:29:28.186913" level="INFO">{
  "acceptDownloads": true,
  "bypassCSP": false,
  "forcedColors": "none",
  "ignoreHTTPSErrors": false,
  "javaScriptEnabled": true,
  "offline": false,
  "reducedMotion": "no-preference",
  "serviceWorkers": "allow",
  "viewport": {
    "height": 700,
    "width": 1400
  }
}</msg>
<msg time="2025-09-07T14:29:28.201596" level="INFO">Successfully created context. </msg>
<msg time="2025-09-07T14:29:28.201673" level="INFO">{'acceptDownloads': True, 'bypassCSP': False, 'forcedColors': 'none', 'ignoreHTTPSErrors': False, 'javaScriptEnabled': True, 'offline': False, 'reducedMotion': 'no-preference', 'serviceWorkers': 'allow', 'viewport': {'height': 700, 'width': 1400}}</msg>
<arg>viewport={"width": 1400, "height": 700}</arg>
<tag>BrowserControl</tag>
<tag>Setter</tag>
<doc>Create a new BrowserContext with specified options.</doc>
<status status="PASS" start="2025-09-07T14:29:28.185464" elapsed="0.016274"/>
</kw>
<kw name="New Page" owner="Browser">
<msg time="2025-09-07T14:29:31.507716" level="INFO">Successfully initialized new page object and opened url: https://www.supersports.co.th</msg>
<arg>url=${BASE_URL}</arg>
<arg>wait_until=domcontentloaded</arg>
<tag>BrowserControl</tag>
<tag>Setter</tag>
<doc>Open a new Page.</doc>
<status status="PASS" start="2025-09-07T14:29:28.201914" elapsed="3.308400"/>
</kw>
<doc>Open browser, create context and go to base url</doc>
<status status="PASS" start="2025-09-07T14:29:27.345436" elapsed="4.165968"/>
</kw>
<test id="s1-t1" name="Add Products To Cart" line="22">
<kw name="Remove All Items From Cart" type="SETUP">
<kw name="Wait For Response" owner="Browser">
<msg time="2025-09-07T14:29:32.949919" level="INFO">Response received</msg>
<msg time="2025-09-07T14:29:32.953086" level="INFO">{'status': 200, 'headers': {'server': 'cloudflare', 'x-request-id': '973ac205-4303-4cf6-bfa0-1b870f68c3dd-1757230172', 'content-encoding': 'gzip', 'cf-cache-status': 'DYNAMIC', 'powered-by': 'Shopify', 'x-dc': 'gcp-asia-southeast1,gcp-asia-southeast1,gcp-asia-southeast1', 'x-permitted-cross-domain-policies': 'none', 'report-to': '{"endpoints":[{"url":"https:\\/\\/a.nel.cloudflare.com\\/report\\/v4?s=HzhBThznRMV4Ig7AmTYQfPTffx1AYeKEDWlrBQ7qt%2FjtgzAuusuNkMUjlUvgikmUXFT%2FAdhHoR%2FMwKGnnYkOjUU%2F6xrWcNm75qTdwJvZVz8J6uC95h%2BmvpsZsk81uLFkygGPXvx8LA%3D%3D"}],"group":"cf-nel","max_age":604800}', 'x-content-type-options': 'nosniff', 'x-sorting-hat-shopid': '86265594144', 'server-timing': 'processing;dur=23;desc="gc:2", db;dur=2, db_async;dur=1.137, asn;desc="131445", edge;desc="BKK", country;desc="TH", servedBy;desc="6z4q", requestID;desc="973ac205-4303-4cf6-bfa0-1b870f68c3dd-1757230172", _y;desc="e0f1809a-7ca9-4e40-86c4-99be7058ce7b", _s;desc="b22038f1-0843-43a7-8ccf-19a29f81b2b3", _cmp;desc="3.AMPS_TH10_f_f_tEHDxeKdQnKntt4zg5887A", cfRequestDuration;dur=82.000017, cfExtPri', 'alt-svc': 'h3=":443"; ma=86400', 'date': 'Sun, 07 Sep 2025 07:29:32 GMT', 'x-cartjs-cache': '1', 'content-type': 'text/javascript; charset=utf-8', 'vary': 'Accept-Encoding,Accept', 'priority': 'u=1,i', 'x-frame-options': 'DENY', 'strict-transport-security': 'max-age=7889238', 'content-security-policy': "block-all-mixed-content; frame-ancestors 'none'; upgrade-insecure-requests;", 'nel': '{"success_fraction":0.01,"report_to":"cf-nel","max_age":604800}', 'x-storefront-renderer-rendered': '1', 'x-download-options': 'noopen', 'cf-ray': '97b47ee46ed9d028-BKK', 'shopify-complexity-score': '0', 'x-xss-protection': '1; mode=block', 'x-sorting-hat-podid': '287', 'content-language': 'th-TH', 'x-shopid': '86265594144', 'x-cartjs-updatedat': '0', 'x-shardid': '287'}, 'statusText': '', 'url': 'https://www.supersports.co.th/cart.js', 'ok': True, 'request': {'headers': {'sec-ch-ua-platform': '"Windows"', 'referer': 'https://www.supersports.co.th/', 'user-agent': 'Mozilla/5.0 (Windows NT 10.0; Win64; x64) AppleWebKit/537.36 (KHTML, like Gecko) Chrome/133.0.0.0 Safari/537.36', 'sec-ch-ua': '"Chromium";v="133", "Not(A:Brand";v="99"', 'sec-ch-ua-mobile': '?0'}, 'method': 'GET', 'postData': None}, 'body': {'token': '7873d84b3a8dcd97994dcea92742d92e', 'note': None, 'attributes': {}, 'original_total_price': 0, 'total_price': 0, 'total_discount': 0, 'total_weight': 0.0, 'item_count': 0, 'items': [], 'requires_shipping': False, 'currency': 'THB', 'items_subtotal_price': 0, 'cart_level_discount_applications': [], 'discount_codes': []}}</msg>
<msg time="2025-09-07T14:29:32.954847" level="INFO">${response_cart_detail} = {'status': 200, 'headers': {'server': 'cloudflare', 'x-request-id': '973ac205-4303-4cf6-bfa0-1b870f68c3dd-1757230172', 'content-encoding': 'gzip', 'cf-cache-status': 'DYNAMIC', 'powered-by': 'Shopify'...</msg>
<var>${response_cart_detail}</var>
<arg>${API['cart_detail']}**</arg>
<tag>HTTP</tag>
<tag>Wait</tag>
<doc>Waits for response matching matcher and returns the response as robot dict.</doc>
<status status="PASS" start="2025-09-07T14:29:31.849266" elapsed="1.105758"/>
</kw>
<if>
<branch type="IF" condition="${response_cart_detail['body']['item_count']} &gt; ${0}">
<kw name="Remove All Items In Cart">
<doc>Go to cart page and remove all items if any</doc>
<status status="NOT RUN" start="2025-09-07T14:29:32.958743" elapsed="0.000421"/>
</kw>
<kw name="Go To" owner="Browser">
<arg>${BASE_URL}</arg>
<arg>wait_until=domcontentloaded</arg>
<tag>BrowserControl</tag>
<tag>Setter</tag>
<doc>Navigates to the given ``url``.</doc>
<status status="NOT RUN" start="2025-09-07T14:29:32.959682" elapsed="0.000218"/>
</kw>
<status status="NOT RUN" start="2025-09-07T14:29:32.955645" elapsed="0.004360"/>
</branch>
<status status="PASS" start="2025-09-07T14:29:32.955484" elapsed="0.004665"/>
</if>
<kw name="Should Be Equal" owner="BuiltIn">
<arg>${response_cart_detail['body']['item_count']}</arg>
<arg>${0}</arg>
<doc>Fails if the given objects are unequal.</doc>
<status status="PASS" start="2025-09-07T14:29:32.960460" elapsed="0.002028"/>
</kw>
<doc>Get cart detail and clear all items</doc>
<status status="PASS" start="2025-09-07T14:29:31.848665" elapsed="1.114664"/>
</kw>
<kw name="View All Top Brands From Home Page">
<kw name="Wait For Elements State" owner="Browser">
<msg time="2025-09-07T14:29:33.305911" level="INFO">Waited for Element with selector div#pb__collection__list--bc44d161-02c5-49 a.pb__view__all at state attached</msg>
<arg>${SELECTOR['text_view_all_top_brand']}</arg>
<arg>attached</arg>
<tag>PageContent</tag>
<tag>Wait</tag>
<doc>Waits for the element found by ``selector`` to satisfy state option.</doc>
<status status="PASS" start="2025-09-07T14:29:32.966213" elapsed="0.340650"/>
</kw>
<kw name="Get Attribute" owner="Browser">
<msg time="2025-09-07T14:29:33.416813" level="INFO">Attribute is: '/collections/shop-by-brands'</msg>
<msg time="2025-09-07T14:29:33.416959" level="INFO">${page_url_top_brand} = /collections/shop-by-brands</msg>
<var>${page_url_top_brand}</var>
<arg>${SELECTOR['text_view_all_top_brand']}</arg>
<arg>attribute=href</arg>
<tag>Assertion</tag>
<tag>Getter</tag>
<tag>PageContent</tag>
<doc>Returns the HTML ``attribute`` of the element found by ``selector``.</doc>
<status status="PASS" start="2025-09-07T14:29:33.307784" elapsed="0.109195"/>
</kw>
<kw name="Click" owner="Browser">
<msg time="2025-09-07T14:29:33.417850" level="INFO">Clicks the element 'div#pb__collection__list--bc44d161-02c5-49 a.pb__view__all'.</msg>
<arg>${SELECTOR['text_view_all_top_brand']}</arg>
<tag>PageContent</tag>
<tag>Setter</tag>
<doc>Simulates mouse click on the element found by ``selector``.</doc>
<status status="PASS" start="2025-09-07T14:29:33.417164" elapsed="2.099406"/>
</kw>
<kw name="Wait Until Keyword Succeeds" owner="BuiltIn">
<kw name="Get Url" owner="Browser">
<arg>equal</arg>
<arg>${BASE_URL}${page_url_top_brand}</arg>
<tag>Assertion</tag>
<tag>Getter</tag>
<tag>PageContent</tag>
<doc>Returns the current URL.</doc>
<status status="PASS" start="2025-09-07T14:29:35.517621" elapsed="0.002588"/>
</kw>
<arg>1m</arg>
<arg>2s</arg>
<arg>Get Url</arg>
<arg>equal</arg>
<arg>${BASE_URL}${page_url_top_brand}</arg>
<doc>Runs the specified keyword and retries if it fails.</doc>
<status status="PASS" start="2025-09-07T14:29:35.517164" elapsed="0.003154"/>
</kw>
<doc>Click "View All Top Brands" link from home page and wait for page load</doc>
<status status="PASS" start="2025-09-07T14:29:32.964912" elapsed="2.555482"/>
</kw>
<kw name="Select Brands From Top Brands">
<kw name="Wait For Elements State" owner="Browser">
<msg time="2025-09-07T14:29:36.475132" level="INFO">Waited for Element with selector text="TOP BRANDS" at state attached</msg>
<arg>${SELECTOR['title_top_brands']}</arg>
<arg>attached</arg>
<tag>PageContent</tag>
<tag>Wait</tag>
<doc>Waits for the element found by ``selector`` to satisfy state option.</doc>
<status status="PASS" start="2025-09-07T14:29:35.521352" elapsed="0.953969"/>
</kw>
<kw name="Get Elements" owner="Browser">
<msg time="2025-09-07T14:29:37.108708" level="INFO">Found locator('div.pb__collection__all__content div.pb__collection__card').first(),locator('div.pb__collection__all__content div.pb__collection__card').nth(1),locator('div.pb__collection__all__content div.pb__collection__card').nth(2),locator('div.pb__collection__all__content div.pb__collection__card').nth(3),locator('div.pb__collection__all__content div.pb__collection__card').nth(4),locator('div.pb__collection__all__content div.pb__collection__card').nth(5),locator('div.pb__collection__all__content div.pb__collection__card').nth(6),locator('div.pb__collection__all__content div.pb__collection__card').nth(7),locator('div.pb__collection__all__content div.pb__collection__card').nth(8),locator('div.pb__collection__all__content div.pb__collection__card').nth(9),locator('div.pb__collection__all__content div.pb__collection__card').nth(10),locator('div.pb__collection__all__content div.pb__collection__card').nth(11),locator('div.pb__collection__all__content div.pb__collection__card').nth(12),locator('div.pb__collection__all__content div.pb__collection__card').nth(13),locator('div.pb__collection__all__content div.pb__collection__card').nth(14),locator('div.pb__collection__all__content div.pb__collection__card').nth(15),locator('div.pb__collection__all__content div.pb__collection__card').nth(16),locator('div.pb__collection__all__content div.pb__collection__card').nth(17),locator('div.pb__collection__all__content div.pb__collection__card').nth(18),locator('div.pb__collection__all__content div.pb__collection__card').nth(19),locator('div.pb__collection__all__content div.pb__collection__card').nth(20) Locators successfully.</msg>
<msg time="2025-09-07T14:29:37.109368" level="INFO">@{top_brands} = [ div.pb__collection__all__content div.pb__collection__card &gt;&gt; nth=0 | div.pb__collection__all__content div.pb__collection__card &gt;&gt; nth=1 | div.pb__collection__all__content div.pb__collection__card &gt;&gt;...</msg>
<var>@{top_brands}</var>
<arg>${SELECTOR['brands_collection']}</arg>
<tag>Getter</tag>
<tag>PageContent</tag>
<doc>Returns a reference to Playwright [https://playwright.dev/docs/api/class-locator|Locator]
for all matched elements by ``selector``.</doc>
<status status="PASS" start="2025-09-07T14:29:36.475559" elapsed="0.633857"/>
</kw>
<kw name="Create List" owner="BuiltIn">
<msg time="2025-09-07T14:29:37.110044" level="INFO">@{list_brand_path} = [ ]</msg>
<var>@{list_brand_path}</var>
<doc>Returns a list containing given items.</doc>
<status status="PASS" start="2025-09-07T14:29:37.109665" elapsed="0.000414"/>
</kw>
<for flavor="IN">
<iter>
<kw name="Get Attribute" owner="Browser">
<msg time="2025-09-07T14:29:37.371350" level="INFO">Attribute is: '/collections/nike'</msg>
<msg time="2025-09-07T14:29:37.371721" level="INFO">${href_page_brand} = /collections/nike</msg>
<var>${href_page_brand}</var>
<arg>${brand} &gt;&gt; div &gt; a:nth-child(1)</arg>
<arg>attribute=href</arg>
<tag>Assertion</tag>
<tag>Getter</tag>
<tag>PageContent</tag>
<doc>Returns the HTML ``attribute`` of the element found by ``selector``.</doc>
<status status="PASS" start="2025-09-07T14:29:37.111359" elapsed="0.260403"/>
</kw>
<kw name="Log" owner="BuiltIn">
<msg time="2025-09-07T14:29:37.373029" level="INFO">/collections/nike</msg>
<arg>${href_page_brand}</arg>
<arg>console=${False}</arg>
<doc>Logs the given message with the given level.</doc>
<status status="PASS" start="2025-09-07T14:29:37.372198" elapsed="0.000904"/>
</kw>
<kw name="Append To List" owner="Collections">
<arg>${list_brand_path}</arg>
<arg>${href_page_brand}</arg>
<doc>Adds ``values`` to the end of ``list``.</doc>
<status status="PASS" start="2025-09-07T14:29:37.373298" elapsed="0.000255"/>
</kw>
<var name="${brand}">div.pb__collection__all__content div.pb__collection__card &gt;&gt; nth=0</var>
<status status="PASS" start="2025-09-07T14:29:37.110979" elapsed="0.262618"/>
</iter>
<iter>
<kw name="Get Attribute" owner="Browser">
<msg time="2025-09-07T14:29:37.427406" level="INFO">Attribute is: '/collections/skechers'</msg>
<msg time="2025-09-07T14:29:37.427677" level="INFO">${href_page_brand} = /collections/skechers</msg>
<var>${href_page_brand}</var>
<arg>${brand} &gt;&gt; div &gt; a:nth-child(1)</arg>
<arg>attribute=href</arg>
<tag>Assertion</tag>
<tag>Getter</tag>
<tag>PageContent</tag>
<doc>Returns the HTML ``attribute`` of the element found by ``selector``.</doc>
<status status="PASS" start="2025-09-07T14:29:37.374052" elapsed="0.053674"/>
</kw>
<kw name="Log" owner="BuiltIn">
<msg time="2025-09-07T14:29:37.428536" level="INFO">/collections/skechers</msg>
<arg>${href_page_brand}</arg>
<arg>console=${False}</arg>
<doc>Logs the given message with the given level.</doc>
<status status="PASS" start="2025-09-07T14:29:37.428028" elapsed="0.000572"/>
</kw>
<kw name="Append To List" owner="Collections">
<arg>${list_brand_path}</arg>
<arg>${href_page_brand}</arg>
<doc>Adds ``values`` to the end of ``list``.</doc>
<status status="PASS" start="2025-09-07T14:29:37.428790" elapsed="0.000253"/>
</kw>
<var name="${brand}">div.pb__collection__all__content div.pb__collection__card &gt;&gt; nth=1</var>
<status status="PASS" start="2025-09-07T14:29:37.373805" elapsed="0.055293"/>
</iter>
<iter>
<kw name="Get Attribute" owner="Browser">
<msg time="2025-09-07T14:29:37.492822" level="INFO">Attribute is: '/collections/reebok'</msg>
<msg time="2025-09-07T14:29:37.493054" level="INFO">${href_page_brand} = /collections/reebok</msg>
<var>${href_page_brand}</var>
<arg>${brand} &gt;&gt; div &gt; a:nth-child(1)</arg>
<arg>attribute=href</arg>
<tag>Assertion</tag>
<tag>Getter</tag>
<tag>PageContent</tag>
<doc>Returns the HTML ``attribute`` of the element found by ``selector``.</doc>
<status status="PASS" start="2025-09-07T14:29:37.429853" elapsed="0.063224"/>
</kw>
<kw name="Log" owner="BuiltIn">
<msg time="2025-09-07T14:29:37.493771" level="INFO">/collections/reebok</msg>
<arg>${href_page_brand}</arg>
<arg>console=${False}</arg>
<doc>Logs the given message with the given level.</doc>
<status status="PASS" start="2025-09-07T14:29:37.493300" elapsed="0.000525"/>
</kw>
<kw name="Append To List" owner="Collections">
<arg>${list_brand_path}</arg>
<arg>${href_page_brand}</arg>
<doc>Adds ``values`` to the end of ``list``.</doc>
<status status="PASS" start="2025-09-07T14:29:37.493963" elapsed="0.000188"/>
</kw>
<var name="${brand}">div.pb__collection__all__content div.pb__collection__card &gt;&gt; nth=2</var>
<status status="PASS" start="2025-09-07T14:29:37.429586" elapsed="0.064604"/>
</iter>
<iter>
<kw name="Get Attribute" owner="Browser">
<msg time="2025-09-07T14:29:37.543881" level="INFO">Attribute is: '/collections/merrell'</msg>
<msg time="2025-09-07T14:29:37.544203" level="INFO">${href_page_brand} = /collections/merrell</msg>
<var>${href_page_brand}</var>
<arg>${brand} &gt;&gt; div &gt; a:nth-child(1)</arg>
<arg>attribute=href</arg>
<tag>Assertion</tag>
<tag>Getter</tag>
<tag>PageContent</tag>
<doc>Returns the HTML ``attribute`` of the element found by ``selector``.</doc>
<status status="PASS" start="2025-09-07T14:29:37.494427" elapsed="0.049811"/>
</kw>
<kw name="Log" owner="BuiltIn">
<msg time="2025-09-07T14:29:37.545357" level="INFO">/collections/merrell</msg>
<arg>${href_page_brand}</arg>
<arg>console=${False}</arg>
<doc>Logs the given message with the given level.</doc>
<status status="PASS" start="2025-09-07T14:29:37.544631" elapsed="0.000814"/>
</kw>
<kw name="Append To List" owner="Collections">
<arg>${list_brand_path}</arg>
<arg>${href_page_brand}</arg>
<doc>Adds ``values`` to the end of ``list``.</doc>
<status status="PASS" start="2025-09-07T14:29:37.545648" elapsed="0.000223"/>
</kw>
<var name="${brand}">div.pb__collection__all__content div.pb__collection__card &gt;&gt; nth=3</var>
<status status="PASS" start="2025-09-07T14:29:37.494306" elapsed="0.051611"/>
</iter>
<iter>
<kw name="Get Attribute" owner="Browser">
<msg time="2025-09-07T14:29:37.590147" level="INFO">Attribute is: '/collections/columbia'</msg>
<msg time="2025-09-07T14:29:37.590384" level="INFO">${href_page_brand} = /collections/columbia</msg>
<var>${href_page_brand}</var>
<arg>${brand} &gt;&gt; div &gt; a:nth-child(1)</arg>
<arg>attribute=href</arg>
<tag>Assertion</tag>
<tag>Getter</tag>
<tag>PageContent</tag>
<doc>Returns the HTML ``attribute`` of the element found by ``selector``.</doc>
<status status="PASS" start="2025-09-07T14:29:37.546219" elapsed="0.044193"/>
</kw>
<kw name="Log" owner="BuiltIn">
<msg time="2025-09-07T14:29:37.590976" level="INFO">/collections/columbia</msg>
<arg>${href_page_brand}</arg>
<arg>console=${False}</arg>
<doc>Logs the given message with the given level.</doc>
<status status="PASS" start="2025-09-07T14:29:37.590635" elapsed="0.000381"/>
</kw>
<kw name="Append To List" owner="Collections">
<arg>${list_brand_path}</arg>
<arg>${href_page_brand}</arg>
<doc>Adds ``values`` to the end of ``list``.</doc>
<status status="PASS" start="2025-09-07T14:29:37.591110" elapsed="0.000202"/>
</kw>
<var name="${brand}">div.pb__collection__all__content div.pb__collection__card &gt;&gt; nth=4</var>
<status status="PASS" start="2025-09-07T14:29:37.546071" elapsed="0.045279"/>
</iter>
<iter>
<kw name="Get Attribute" owner="Browser">
<msg time="2025-09-07T14:29:37.640587" level="INFO">Attribute is: '/collections/crocs'</msg>
<msg time="2025-09-07T14:29:37.640985" level="INFO">${href_page_brand} = /collections/crocs</msg>
<var>${href_page_brand}</var>
<arg>${brand} &gt;&gt; div &gt; a:nth-child(1)</arg>
<arg>attribute=href</arg>
<tag>Assertion</tag>
<tag>Getter</tag>
<tag>PageContent</tag>
<doc>Returns the HTML ``attribute`` of the element found by ``selector``.</doc>
<status status="PASS" start="2025-09-07T14:29:37.591559" elapsed="0.049460"/>
</kw>
<kw name="Log" owner="BuiltIn">
<msg time="2025-09-07T14:29:37.642217" level="INFO">/collections/crocs</msg>
<arg>${href_page_brand}</arg>
<arg>console=${False}</arg>
<doc>Logs the given message with the given level.</doc>
<status status="PASS" start="2025-09-07T14:29:37.641610" elapsed="0.000671"/>
</kw>
<kw name="Append To List" owner="Collections">
<arg>${list_brand_path}</arg>
<arg>${href_page_brand}</arg>
<doc>Adds ``values`` to the end of ``list``.</doc>
<status status="PASS" start="2025-09-07T14:29:37.642417" elapsed="0.000189"/>
</kw>
<var name="${brand}">div.pb__collection__all__content div.pb__collection__card &gt;&gt; nth=5</var>
<status status="PASS" start="2025-09-07T14:29:37.591452" elapsed="0.051194"/>
</iter>
<iter>
<kw name="Get Attribute" owner="Browser">
<msg time="2025-09-07T14:29:37.699269" level="INFO">Attribute is: '/collections/adidas'</msg>
<msg time="2025-09-07T14:29:37.699497" level="INFO">${href_page_brand} = /collections/adidas</msg>
<var>${href_page_brand}</var>
<arg>${brand} &gt;&gt; div &gt; a:nth-child(1)</arg>
<arg>attribute=href</arg>
<tag>Assertion</tag>
<tag>Getter</tag>
<tag>PageContent</tag>
<doc>Returns the HTML ``attribute`` of the element found by ``selector``.</doc>
<status status="PASS" start="2025-09-07T14:29:37.642918" elapsed="0.056604"/>
</kw>
<kw name="Log" owner="BuiltIn">
<msg time="2025-09-07T14:29:37.700151" level="INFO">/collections/adidas</msg>
<arg>${href_page_brand}</arg>
<arg>console=${False}</arg>
<doc>Logs the given message with the given level.</doc>
<status status="PASS" start="2025-09-07T14:29:37.699769" elapsed="0.000424"/>
</kw>
<kw name="Append To List" owner="Collections">
<arg>${list_brand_path}</arg>
<arg>${href_page_brand}</arg>
<doc>Adds ``values`` to the end of ``list``.</doc>
<status status="PASS" start="2025-09-07T14:29:37.700326" elapsed="0.000195"/>
</kw>
<var name="${brand}">div.pb__collection__all__content div.pb__collection__card &gt;&gt; nth=6</var>
<status status="PASS" start="2025-09-07T14:29:37.642779" elapsed="0.057845"/>
</iter>
<iter>
<kw name="Get Attribute" owner="Browser">
<msg time="2025-09-07T14:29:37.747656" level="INFO">Attribute is: '/collections/fila'</msg>
<msg time="2025-09-07T14:29:37.747981" level="INFO">${href_page_brand} = /collections/fila</msg>
<var>${href_page_brand}</var>
<arg>${brand} &gt;&gt; div &gt; a:nth-child(1)</arg>
<arg>attribute=href</arg>
<tag>Assertion</tag>
<tag>Getter</tag>
<tag>PageContent</tag>
<doc>Returns the HTML ``attribute`` of the element found by ``selector``.</doc>
<status status="PASS" start="2025-09-07T14:29:37.701085" elapsed="0.046951"/>
</kw>
<kw name="Log" owner="BuiltIn">
<msg time="2025-09-07T14:29:37.749267" level="INFO">/collections/fila</msg>
<arg>${href_page_brand}</arg>
<arg>console=${False}</arg>
<doc>Logs the given message with the given level.</doc>
<status status="PASS" start="2025-09-07T14:29:37.748486" elapsed="0.000864"/>
</kw>
<kw name="Append To List" owner="Collections">
<arg>${list_brand_path}</arg>
<arg>${href_page_brand}</arg>
<doc>Adds ``values`` to the end of ``list``.</doc>
<status status="PASS" start="2025-09-07T14:29:37.749596" elapsed="0.000272"/>
</kw>
<var name="${brand}">div.pb__collection__all__content div.pb__collection__card &gt;&gt; nth=7</var>
<status status="PASS" start="2025-09-07T14:29:37.700826" elapsed="0.049087"/>
</iter>
<iter>
<kw name="Get Attribute" owner="Browser">
<msg time="2025-09-07T14:29:37.816987" level="INFO">Attribute is: '/collections/new-balance'</msg>
<msg time="2025-09-07T14:29:37.817345" level="INFO">${href_page_brand} = /collections/new-balance</msg>
<var>${href_page_brand}</var>
<arg>${brand} &gt;&gt; div &gt; a:nth-child(1)</arg>
<arg>attribute=href</arg>
<tag>Assertion</tag>
<tag>Getter</tag>
<tag>PageContent</tag>
<doc>Returns the HTML ``attribute`` of the element found by ``selector``.</doc>
<status status="PASS" start="2025-09-07T14:29:37.750479" elapsed="0.066900"/>
</kw>
<kw name="Log" owner="BuiltIn">
<msg time="2025-09-07T14:29:37.818732" level="INFO">/collections/new-balance</msg>
<arg>${href_page_brand}</arg>
<arg>console=${False}</arg>
<doc>Logs the given message with the given level.</doc>
<status status="PASS" start="2025-09-07T14:29:37.817859" elapsed="0.000967"/>
</kw>
<kw name="Append To List" owner="Collections">
<arg>${list_brand_path}</arg>
<arg>${href_page_brand}</arg>
<doc>Adds ``values`` to the end of ``list``.</doc>
<status status="PASS" start="2025-09-07T14:29:37.819052" elapsed="0.000271"/>
</kw>
<var name="${brand}">div.pb__collection__all__content div.pb__collection__card &gt;&gt; nth=8</var>
<status status="PASS" start="2025-09-07T14:29:37.750250" elapsed="0.069123"/>
</iter>
<iter>
<kw name="Get Attribute" owner="Browser">
<msg time="2025-09-07T14:29:37.885200" level="INFO">Attribute is: '/collections/asics'</msg>
<msg time="2025-09-07T14:29:37.885561" level="INFO">${href_page_brand} = /collections/asics</msg>
<var>${href_page_brand}</var>
<arg>${brand} &gt;&gt; div &gt; a:nth-child(1)</arg>
<arg>attribute=href</arg>
<tag>Assertion</tag>
<tag>Getter</tag>
<tag>PageContent</tag>
<doc>Returns the HTML ``attribute`` of the element found by ``selector``.</doc>
<status status="PASS" start="2025-09-07T14:29:37.819819" elapsed="0.065846"/>
</kw>
<kw name="Log" owner="BuiltIn">
<msg time="2025-09-07T14:29:37.887240" level="INFO">/collections/asics</msg>
<arg>${href_page_brand}</arg>
<arg>console=${False}</arg>
<doc>Logs the given message with the given level.</doc>
<status status="PASS" start="2025-09-07T14:29:37.886253" elapsed="0.001068"/>
</kw>
<kw name="Append To List" owner="Collections">
<arg>${list_brand_path}</arg>
<arg>${href_page_brand}</arg>
<doc>Adds ``values`` to the end of ``list``.</doc>
<status status="PASS" start="2025-09-07T14:29:37.887484" elapsed="0.000221"/>
</kw>
<var name="${brand}">div.pb__collection__all__content div.pb__collection__card &gt;&gt; nth=9</var>
<status status="PASS" start="2025-09-07T14:29:37.819612" elapsed="0.068135"/>
</iter>
<iter>
<kw name="Get Attribute" owner="Browser">
<msg time="2025-09-07T14:29:38.104956" level="INFO">Attribute is: '/collections/speedo'</msg>
<msg time="2025-09-07T14:29:38.105136" level="INFO">${href_page_brand} = /collections/speedo</msg>
<var>${href_page_brand}</var>
<arg>${brand} &gt;&gt; div &gt; a:nth-child(1)</arg>
<arg>attribute=href</arg>
<tag>Assertion</tag>
<tag>Getter</tag>
<tag>PageContent</tag>
<doc>Returns the HTML ``attribute`` of the element found by ``selector``.</doc>
<status status="PASS" start="2025-09-07T14:29:37.888041" elapsed="0.217118"/>
</kw>
<kw name="Log" owner="BuiltIn">
<msg time="2025-09-07T14:29:38.105806" level="INFO">/collections/speedo</msg>
<arg>${href_page_brand}</arg>
<arg>console=${False}</arg>
<doc>Logs the given message with the given level.</doc>
<status status="PASS" start="2025-09-07T14:29:38.105447" elapsed="0.000402"/>
</kw>
<kw name="Append To List" owner="Collections">
<arg>${list_brand_path}</arg>
<arg>${href_page_brand}</arg>
<doc>Adds ``values`` to the end of ``list``.</doc>
<status status="PASS" start="2025-09-07T14:29:38.105966" elapsed="0.000163"/>
</kw>
<var name="${brand}">div.pb__collection__all__content div.pb__collection__card &gt;&gt; nth=10</var>
<status status="PASS" start="2025-09-07T14:29:37.887890" elapsed="0.218276"/>
</iter>
<iter>
<kw name="Get Attribute" owner="Browser">
<msg time="2025-09-07T14:29:38.185581" level="INFO">Attribute is: '/collections/lfc-brand-page'</msg>
<msg time="2025-09-07T14:29:38.185720" level="INFO">${href_page_brand} = /collections/lfc-brand-page</msg>
<var>${href_page_brand}</var>
<arg>${brand} &gt;&gt; div &gt; a:nth-child(1)</arg>
<arg>attribute=href</arg>
<tag>Assertion</tag>
<tag>Getter</tag>
<tag>PageContent</tag>
<doc>Returns the HTML ``attribute`` of the element found by ``selector``.</doc>
<status status="PASS" start="2025-09-07T14:29:38.106373" elapsed="0.079366"/>
</kw>
<kw name="Log" owner="BuiltIn">
<msg time="2025-09-07T14:29:38.186159" level="INFO">/collections/lfc-brand-page</msg>
<arg>${href_page_brand}</arg>
<arg>console=${False}</arg>
<doc>Logs the given message with the given level.</doc>
<status status="PASS" start="2025-09-07T14:29:38.185889" elapsed="0.000306"/>
</kw>
<kw name="Append To List" owner="Collections">
<arg>${list_brand_path}</arg>
<arg>${href_page_brand}</arg>
<doc>Adds ``values`` to the end of ``list``.</doc>
<status status="PASS" start="2025-09-07T14:29:38.186294" elapsed="0.000147"/>
</kw>
<var name="${brand}">div.pb__collection__all__content div.pb__collection__card &gt;&gt; nth=11</var>
<status status="PASS" start="2025-09-07T14:29:38.106266" elapsed="0.080209"/>
</iter>
<iter>
<kw name="Get Attribute" owner="Browser">
<msg time="2025-09-07T14:29:38.319483" level="INFO">Attribute is: '/collections/hoka'</msg>
<msg time="2025-09-07T14:29:38.319619" level="INFO">${href_page_brand} = /collections/hoka</msg>
<var>${href_page_brand}</var>
<arg>${brand} &gt;&gt; div &gt; a:nth-child(1)</arg>
<arg>attribute=href</arg>
<tag>Assertion</tag>
<tag>Getter</tag>
<tag>PageContent</tag>
<doc>Returns the HTML ``attribute`` of the element found by ``selector``.</doc>
<status status="PASS" start="2025-09-07T14:29:38.186666" elapsed="0.132980"/>
</kw>
<kw name="Log" owner="BuiltIn">
<msg time="2025-09-07T14:29:38.320101" level="INFO">/collections/hoka</msg>
<arg>${href_page_brand}</arg>
<arg>console=${False}</arg>
<doc>Logs the given message with the given level.</doc>
<status status="PASS" start="2025-09-07T14:29:38.319806" elapsed="0.000335"/>
</kw>
<kw name="Append To List" owner="Collections">
<arg>${list_brand_path}</arg>
<arg>${href_page_brand}</arg>
<doc>Adds ``values`` to the end of ``list``.</doc>
<status status="PASS" start="2025-09-07T14:29:38.320235" elapsed="0.000156"/>
</kw>
<var name="${brand}">div.pb__collection__all__content div.pb__collection__card &gt;&gt; nth=12</var>
<status status="PASS" start="2025-09-07T14:29:38.186570" elapsed="0.133857"/>
</iter>
<iter>
<kw name="Get Attribute" owner="Browser">
<msg time="2025-09-07T14:29:38.393165" level="INFO">Attribute is: '/collections/umbro'</msg>
<msg time="2025-09-07T14:29:38.393381" level="INFO">${href_page_brand} = /collections/umbro</msg>
<var>${href_page_brand}</var>
<arg>${brand} &gt;&gt; div &gt; a:nth-child(1)</arg>
<arg>attribute=href</arg>
<tag>Assertion</tag>
<tag>Getter</tag>
<tag>PageContent</tag>
<doc>Returns the HTML ``attribute`` of the element found by ``selector``.</doc>
<status status="PASS" start="2025-09-07T14:29:38.320627" elapsed="0.072806"/>
</kw>
<kw name="Log" owner="BuiltIn">
<msg time="2025-09-07T14:29:38.394237" level="INFO">/collections/umbro</msg>
<arg>${href_page_brand}</arg>
<arg>console=${False}</arg>
<doc>Logs the given message with the given level.</doc>
<status status="PASS" start="2025-09-07T14:29:38.393876" elapsed="0.000401"/>
</kw>
<kw name="Append To List" owner="Collections">
<arg>${list_brand_path}</arg>
<arg>${href_page_brand}</arg>
<doc>Adds ``values`` to the end of ``list``.</doc>
<status status="PASS" start="2025-09-07T14:29:38.394378" elapsed="0.000161"/>
</kw>
<var name="${brand}">div.pb__collection__all__content div.pb__collection__card &gt;&gt; nth=13</var>
<status status="PASS" start="2025-09-07T14:29:38.320523" elapsed="0.074052"/>
</iter>
<iter>
<kw name="Get Attribute" owner="Browser">
<msg time="2025-09-07T14:29:38.406888" level="INFO">Attribute is: '/collections/puma'</msg>
<msg time="2025-09-07T14:29:38.407129" level="INFO">${href_page_brand} = /collections/puma</msg>
<var>${href_page_brand}</var>
<arg>${brand} &gt;&gt; div &gt; a:nth-child(1)</arg>
<arg>attribute=href</arg>
<tag>Assertion</tag>
<tag>Getter</tag>
<tag>PageContent</tag>
<doc>Returns the HTML ``attribute`` of the element found by ``selector``.</doc>
<status status="PASS" start="2025-09-07T14:29:38.394780" elapsed="0.012371"/>
</kw>
<kw name="Log" owner="BuiltIn">
<msg time="2025-09-07T14:29:38.407518" level="INFO">/collections/puma</msg>
<arg>${href_page_brand}</arg>
<arg>console=${False}</arg>
<doc>Logs the given message with the given level.</doc>
<status status="PASS" start="2025-09-07T14:29:38.407283" elapsed="0.000266"/>
</kw>
<kw name="Append To List" owner="Collections">
<arg>${list_brand_path}</arg>
<arg>${href_page_brand}</arg>
<doc>Adds ``values`` to the end of ``list``.</doc>
<status status="PASS" start="2025-09-07T14:29:38.407628" elapsed="0.000119"/>
</kw>
<var name="${brand}">div.pb__collection__all__content div.pb__collection__card &gt;&gt; nth=14</var>
<status status="PASS" start="2025-09-07T14:29:38.394673" elapsed="0.013104"/>
</iter>
<iter>
<kw name="Get Attribute" owner="Browser">
<msg time="2025-09-07T14:29:38.417014" level="INFO">Attribute is: '/collections/k-swiss'</msg>
<msg time="2025-09-07T14:29:38.417118" level="INFO">${href_page_brand} = /collections/k-swiss</msg>
<var>${href_page_brand}</var>
<arg>${brand} &gt;&gt; div &gt; a:nth-child(1)</arg>
<arg>attribute=href</arg>
<tag>Assertion</tag>
<tag>Getter</tag>
<tag>PageContent</tag>
<doc>Returns the HTML ``attribute`` of the element found by ``selector``.</doc>
<status status="PASS" start="2025-09-07T14:29:38.407944" elapsed="0.009192"/>
</kw>
<kw name="Log" owner="BuiltIn">
<msg time="2025-09-07T14:29:38.417492" level="INFO">/collections/k-swiss</msg>
<arg>${href_page_brand}</arg>
<arg>console=${False}</arg>
<doc>Logs the given message with the given level.</doc>
<status status="PASS" start="2025-09-07T14:29:38.417270" elapsed="0.000255"/>
</kw>
<kw name="Append To List" owner="Collections">
<arg>${list_brand_path}</arg>
<arg>${href_page_brand}</arg>
<doc>Adds ``values`` to the end of ``list``.</doc>
<status status="PASS" start="2025-09-07T14:29:38.417602" elapsed="0.000125"/>
</kw>
<var name="${brand}">div.pb__collection__all__content div.pb__collection__card &gt;&gt; nth=15</var>
<status status="PASS" start="2025-09-07T14:29:38.407859" elapsed="0.009901"/>
</iter>
<iter>
<kw name="Get Attribute" owner="Browser">
<msg time="2025-09-07T14:29:38.428152" level="INFO">Attribute is: '/collections/under-armour'</msg>
<msg time="2025-09-07T14:29:38.428290" level="INFO">${href_page_brand} = /collections/under-armour</msg>
<var>${href_page_brand}</var>
<arg>${brand} &gt;&gt; div &gt; a:nth-child(1)</arg>
<arg>attribute=href</arg>
<tag>Assertion</tag>
<tag>Getter</tag>
<tag>PageContent</tag>
<doc>Returns the HTML ``attribute`` of the element found by ``selector``.</doc>
<status status="PASS" start="2025-09-07T14:29:38.417932" elapsed="0.010379"/>
</kw>
<kw name="Log" owner="BuiltIn">
<msg time="2025-09-07T14:29:38.428757" level="INFO">/collections/under-armour</msg>
<arg>${href_page_brand}</arg>
<arg>console=${False}</arg>
<doc>Logs the given message with the given level.</doc>
<status status="PASS" start="2025-09-07T14:29:38.428465" elapsed="0.000332"/>
</kw>
<kw name="Append To List" owner="Collections">
<arg>${list_brand_path}</arg>
<arg>${href_page_brand}</arg>
<doc>Adds ``values`` to the end of ``list``.</doc>
<status status="PASS" start="2025-09-07T14:29:38.428897" elapsed="0.000151"/>
</kw>
<var name="${brand}">div.pb__collection__all__content div.pb__collection__card &gt;&gt; nth=16</var>
<status status="PASS" start="2025-09-07T14:29:38.417843" elapsed="0.011242"/>
</iter>
<iter>
<kw name="Get Attribute" owner="Browser">
<msg time="2025-09-07T14:29:38.448896" level="INFO">Attribute is: '/collections/champion'</msg>
<msg time="2025-09-07T14:29:38.449072" level="INFO">${href_page_brand} = /collections/champion</msg>
<var>${href_page_brand}</var>
<arg>${brand} &gt;&gt; div &gt; a:nth-child(1)</arg>
<arg>attribute=href</arg>
<tag>Assertion</tag>
<tag>Getter</tag>
<tag>PageContent</tag>
<doc>Returns the HTML ``attribute`` of the element found by ``selector``.</doc>
<status status="PASS" start="2025-09-07T14:29:38.429310" elapsed="0.019783"/>
</kw>
<kw name="Log" owner="BuiltIn">
<msg time="2025-09-07T14:29:38.449617" level="INFO">/collections/champion</msg>
<arg>${href_page_brand}</arg>
<arg>console=${False}</arg>
<doc>Logs the given message with the given level.</doc>
<status status="PASS" start="2025-09-07T14:29:38.449279" elapsed="0.000381"/>
</kw>
<kw name="Append To List" owner="Collections">
<arg>${list_brand_path}</arg>
<arg>${href_page_brand}</arg>
<doc>Adds ``values`` to the end of ``list``.</doc>
<status status="PASS" start="2025-09-07T14:29:38.449754" elapsed="0.000149"/>
</kw>
<var name="${brand}">div.pb__collection__all__content div.pb__collection__card &gt;&gt; nth=17</var>
<status status="PASS" start="2025-09-07T14:29:38.429197" elapsed="0.020737"/>
</iter>
<iter>
<kw name="Get Attribute" owner="Browser">
<msg time="2025-09-07T14:29:38.461865" level="INFO">Attribute is: '/collections/teva'</msg>
<msg time="2025-09-07T14:29:38.461987" level="INFO">${href_page_brand} = /collections/teva</msg>
<var>${href_page_brand}</var>
<arg>${brand} &gt;&gt; div &gt; a:nth-child(1)</arg>
<arg>attribute=href</arg>
<tag>Assertion</tag>
<tag>Getter</tag>
<tag>PageContent</tag>
<doc>Returns the HTML ``attribute`` of the element found by ``selector``.</doc>
<status status="PASS" start="2025-09-07T14:29:38.450163" elapsed="0.011842"/>
</kw>
<kw name="Log" owner="BuiltIn">
<msg time="2025-09-07T14:29:38.462399" level="INFO">/collections/teva</msg>
<arg>${href_page_brand}</arg>
<arg>console=${False}</arg>
<doc>Logs the given message with the given level.</doc>
<status status="PASS" start="2025-09-07T14:29:38.462146" elapsed="0.000286"/>
</kw>
<kw name="Append To List" owner="Collections">
<arg>${list_brand_path}</arg>
<arg>${href_page_brand}</arg>
<doc>Adds ``values`` to the end of ``list``.</doc>
<status status="PASS" start="2025-09-07T14:29:38.462514" elapsed="0.000126"/>
</kw>
<var name="${brand}">div.pb__collection__all__content div.pb__collection__card &gt;&gt; nth=18</var>
<status status="PASS" start="2025-09-07T14:29:38.450026" elapsed="0.012644"/>
</iter>
<iter>
<kw name="Get Attribute" owner="Browser">
<msg time="2025-09-07T14:29:38.475299" level="INFO">Attribute is: '/collections/spur'</msg>
<msg time="2025-09-07T14:29:38.475417" level="INFO">${href_page_brand} = /collections/spur</msg>
<var>${href_page_brand}</var>
<arg>${brand} &gt;&gt; div &gt; a:nth-child(1)</arg>
<arg>attribute=href</arg>
<tag>Assertion</tag>
<tag>Getter</tag>
<tag>PageContent</tag>
<doc>Returns the HTML ``attribute`` of the element found by ``selector``.</doc>
<status status="PASS" start="2025-09-07T14:29:38.462844" elapsed="0.012591"/>
</kw>
<kw name="Log" owner="BuiltIn">
<msg time="2025-09-07T14:29:38.475820" level="INFO">/collections/spur</msg>
<arg>${href_page_brand}</arg>
<arg>console=${False}</arg>
<doc>Logs the given message with the given level.</doc>
<status status="PASS" start="2025-09-07T14:29:38.475573" elapsed="0.000280"/>
</kw>
<kw name="Append To List" owner="Collections">
<arg>${list_brand_path}</arg>
<arg>${href_page_brand}</arg>
<doc>Adds ``values`` to the end of ``list``.</doc>
<status status="PASS" start="2025-09-07T14:29:38.475934" elapsed="0.000126"/>
</kw>
<var name="${brand}">div.pb__collection__all__content div.pb__collection__card &gt;&gt; nth=19</var>
<status status="PASS" start="2025-09-07T14:29:38.462754" elapsed="0.013336"/>
</iter>
<iter>
<kw name="Get Attribute" owner="Browser">
<msg time="2025-09-07T14:29:38.490804" level="INFO">Attribute is: '/collections/on-running'</msg>
<msg time="2025-09-07T14:29:38.490944" level="INFO">${href_page_brand} = /collections/on-running</msg>
<var>${href_page_brand}</var>
<arg>${brand} &gt;&gt; div &gt; a:nth-child(1)</arg>
<arg>attribute=href</arg>
<tag>Assertion</tag>
<tag>Getter</tag>
<tag>PageContent</tag>
<doc>Returns the HTML ``attribute`` of the element found by ``selector``.</doc>
<status status="PASS" start="2025-09-07T14:29:38.476263" elapsed="0.014789"/>
</kw>
<kw name="Log" owner="BuiltIn">
<msg time="2025-09-07T14:29:38.491531" level="INFO">/collections/on-running</msg>
<arg>${href_page_brand}</arg>
<arg>console=${False}</arg>
<doc>Logs the given message with the given level.</doc>
<status status="PASS" start="2025-09-07T14:29:38.491233" elapsed="0.000338"/>
</kw>
<kw name="Append To List" owner="Collections">
<arg>${list_brand_path}</arg>
<arg>${href_page_brand}</arg>
<doc>Adds ``values`` to the end of ``list``.</doc>
<status status="PASS" start="2025-09-07T14:29:38.491658" elapsed="0.000134"/>
</kw>
<var name="${brand}">div.pb__collection__all__content div.pb__collection__card &gt;&gt; nth=20</var>
<status status="PASS" start="2025-09-07T14:29:38.476175" elapsed="0.015651"/>
</iter>
<var>${brand}</var>
<value>@{top_brands}</value>
<status status="PASS" start="2025-09-07T14:29:37.110403" elapsed="1.381467"/>
</for>
<kw name="Get Length" owner="BuiltIn">
<msg time="2025-09-07T14:29:38.492070" level="INFO">Length is 21.</msg>
<msg time="2025-09-07T14:29:38.492113" level="INFO">${total_brands} = 21</msg>
<var>${total_brands}</var>
<arg>${list_brand_path}</arg>
<doc>Returns and logs the length of the given item as an integer.</doc>
<status status="PASS" start="2025-09-07T14:29:38.491967" elapsed="0.000159"/>
</kw>
<kw name="Run Keyword If" owner="BuiltIn">
<kw name="Evaluate" owner="BuiltIn">
<arg>random.sample(${list_brand_path}, ${LIMIT_TOP_BRAND})</arg>
<doc>Evaluates the given expression in Python and returns the result.</doc>
<status status="PASS" start="2025-09-07T14:29:38.492634" elapsed="0.000221"/>
</kw>
<msg time="2025-09-07T14:29:38.492919" level="INFO">${list_brand_path} = ['/collections/on-running', '/collections/speedo']</msg>
<var>${list_brand_path}</var>
<arg>${LIMIT_TOP_BRAND} == ${0} or ${LIMIT_TOP_BRAND} &gt; ${total_brands}</arg>
<arg>Set Variable</arg>
<arg>${list_brand_path}</arg>
<arg>ELSE</arg>
<arg>Evaluate</arg>
<arg>random.sample(${list_brand_path}, ${LIMIT_TOP_BRAND})</arg>
<doc>Runs the given keyword with the given arguments, if ``condition`` is true.</doc>
<status status="PASS" start="2025-09-07T14:29:38.492204" elapsed="0.000731"/>
</kw>
<kw name="Log" owner="BuiltIn">
<msg time="2025-09-07T14:29:38.493148" level="INFO">['/collections/on-running', '/collections/speedo']</msg>
<arg>${list_brand_path}</arg>
<arg>console=${False}</arg>
<doc>Logs the given message with the given level.</doc>
<status status="PASS" start="2025-09-07T14:29:38.493010" elapsed="0.000165"/>
</kw>
<kw name="Set Global Variable" owner="BuiltIn">
<msg time="2025-09-07T14:29:38.493389" level="INFO">${TOP_BRAND_PATH} = ['/collections/on-running', '/collections/speedo']</msg>
<arg>${TOP_BRAND_PATH}</arg>
<arg>${list_brand_path}</arg>
<doc>Makes a variable available globally in all tests and suites.</doc>
<status status="PASS" start="2025-09-07T14:29:38.493242" elapsed="0.000172"/>
</kw>
<doc>Get all top brand URLs and pick random limited brands</doc>
<status status="PASS" start="2025-09-07T14:29:35.520980" elapsed="2.972482"/>
</kw>
<kw name="Sorting And Select Products">
<for flavor="IN ENUMERATE">
<iter>
<kw name="Go To" owner="Browser">
<msg time="2025-09-07T14:29:40.147052" level="INFO">Successfully opened URL https://www.supersports.co.th/collections/on-running</msg>
<arg>${BASE_URL}${path}</arg>
<arg>wait_until=domcontentloaded</arg>
<tag>BrowserControl</tag>
<tag>Setter</tag>
<doc>Navigates to the given ``url``.</doc>
<status status="PASS" start="2025-09-07T14:29:38.494381" elapsed="1.652863"/>
</kw>
<kw name="Select Product From Category">
<kw name="Run Keyword And Return Status" owner="BuiltIn">
<kw name="Get Element Count" owner="Browser">
<msg time="2025-09-07T14:29:41.800622" level="INFO" html="true">&lt;/td&gt;&lt;/tr&gt;&lt;tr&gt;&lt;td colspan="3"&gt;&lt;a href="browser/screenshot/fail-screenshot-1.png" target="_blank"&gt;&lt;img src="browser/screenshot/fail-screenshot-1.png" width="800px"/&gt;&lt;/a&gt;</msg>
<msg time="2025-09-07T14:29:41.800802" level="INFO">See also file:///C:/Users/Aran-Tester/Documents/GitHub/supersport-add-product-to-cart/playwright-log.txt for additional details.</msg>
<msg time="2025-09-07T14:29:41.801276" level="FAIL">Element count for selector `div.pb__collection__list.pb__section` is '0' (int) should be greater than or equal '1.0' (float)</msg>
<arg>${SELECTOR['section_category']}</arg>
<arg>&gt;=</arg>
<arg>assertion_expected=${1}</arg>
<tag>Assertion</tag>
<tag>Getter</tag>
<tag>PageContent</tag>
<doc>Returns the count of elements found with ``selector``.</doc>
<status status="FAIL" start="2025-09-07T14:29:40.148236" elapsed="1.663305">Element count for selector `div.pb__collection__list.pb__section` is '0' (int) should be greater than or equal '1.0' (float)</status>
</kw>
<msg time="2025-09-07T14:29:41.811716" level="INFO">${product_category} = False</msg>
<var>${product_category}</var>
<arg>Get Element Count</arg>
<arg>${SELECTOR['section_category']}</arg>
<arg>&gt;=</arg>
<arg>assertion_expected=${1}</arg>
<doc>Runs the given keyword with given arguments and returns the status as a Boolean value.</doc>
<status status="PASS" start="2025-09-07T14:29:40.148033" elapsed="1.663709"/>
</kw>
<if>
<branch type="IF" condition="${product_category}">
<kw name="Get Elements" owner="Browser">
<var>@{products}</var>
<arg>${SELECTOR['category']}</arg>
<tag>Getter</tag>
<tag>PageContent</tag>
<doc>Returns a reference to Playwright [https://playwright.dev/docs/api/class-locator|Locator]
for all matched elements by ``selector``.</doc>
<status status="NOT RUN" start="2025-09-07T14:29:41.812309" elapsed="0.000114"/>
</kw>
<kw name="Evaluate" owner="BuiltIn">
<var>${choice}</var>
<arg>random.choice(@{products})</arg>
<doc>Evaluates the given expression in Python and returns the result.</doc>
<status status="NOT RUN" start="2025-09-07T14:29:41.812547" elapsed="0.000056"/>
</kw>
<kw name="Wait For Elements State" owner="Browser">
<arg>${choice}</arg>
<tag>PageContent</tag>
<tag>Wait</tag>
<doc>Waits for the element found by ``selector`` to satisfy state option.</doc>
<status status="NOT RUN" start="2025-09-07T14:29:41.812691" elapsed="0.000045"/>
</kw>
<kw name="Click" owner="Browser">
<arg>${choice}</arg>
<tag>PageContent</tag>
<tag>Setter</tag>
<doc>Simulates mouse click on the element found by ``selector``.</doc>
<status status="NOT RUN" start="2025-09-07T14:29:41.812808" elapsed="0.000036"/>
</kw>
<status status="NOT RUN" start="2025-09-07T14:29:41.811867" elapsed="0.001007"/>
</branch>
<status status="PASS" start="2025-09-07T14:29:41.811826" elapsed="0.001090"/>
</if>
<doc>Randomly pick a product category if section exists</doc>
<status status="PASS" start="2025-09-07T14:29:40.147574" elapsed="1.665399"/>
</kw>
<kw name="Run Keyword If" owner="BuiltIn">
<kw name="Get Sorting Menu">
<kw name="Wait For Elements State" owner="Browser">
<msg time="2025-09-07T14:29:41.823974" level="INFO">Waited for Element with selector ul.boost-sd__sorting-list at state attached</msg>
<arg>${SELECTOR['sorting_option']}</arg>
<arg>attached</arg>
<tag>PageContent</tag>
<tag>Wait</tag>
<doc>Waits for the element found by ``selector`` to satisfy state option.</doc>
<status status="PASS" start="2025-09-07T14:29:41.813953" elapsed="0.010202"/>
</kw>
<kw name="Create List" owner="BuiltIn">
<msg time="2025-09-07T14:29:41.824645" level="INFO">@{list_temp} = [ ]</msg>
<var>@{list_temp}</var>
<doc>Returns a list containing given items.</doc>
<status status="PASS" start="2025-09-07T14:29:41.824360" elapsed="0.000318"/>
</kw>
<kw name="Get Elements" owner="Browser">
<msg time="2025-09-07T14:29:41.842989" level="INFO">Found locator('ul.boost-sd__sorting-list li').first(),locator('ul.boost-sd__sorting-list li').nth(1),locator('ul.boost-sd__sorting-list li').nth(2),locator('ul.boost-sd__sorting-list li').nth(3),locator('ul.boost-sd__sorting-list li').nth(4),locator('ul.boost-sd__sorting-list li').nth(5),locator('ul.boost-sd__sorting-list li').nth(6),locator('ul.boost-sd__sorting-list li').nth(7),locator('ul.boost-sd__sorting-list li').nth(8),locator('ul.boost-sd__sorting-list li').nth(9) Locators successfully.</msg>
<msg time="2025-09-07T14:29:41.843326" level="INFO">@{options} = [ ul.boost-sd__sorting-list li &gt;&gt; nth=0 | ul.boost-sd__sorting-list li &gt;&gt; nth=1 | ul.boost-sd__sorting-list li &gt;&gt; nth=2 | ul.boost-sd__sorting-list li &gt;&gt; nth=3 | ul.boost-sd__sorting-list li &gt;&gt; nth=4 ...</msg>
<var>@{options}</var>
<arg>${SELECTOR['sorting_option']} li</arg>
<tag>Getter</tag>
<tag>PageContent</tag>
<doc>Returns a reference to Playwright [https://playwright.dev/docs/api/class-locator|Locator]
for all matched elements by ``selector``.</doc>
<status status="PASS" start="2025-09-07T14:29:41.824794" elapsed="0.018558"/>
</kw>
<for flavor="IN">
<iter>
<kw name="Get Attribute" owner="Browser">
<msg time="2025-09-07T14:29:41.867673" level="INFO">Attribute is: 'manual'</msg>
<msg time="2025-09-07T14:29:41.867855" level="INFO">${value} = manual</msg>
<var>${value}</var>
<arg>${option}</arg>
<arg>data-value</arg>
<tag>Assertion</tag>
<tag>Getter</tag>
<tag>PageContent</tag>
<doc>Returns the HTML ``attribute`` of the element found by ``selector``.</doc>
<status status="PASS" start="2025-09-07T14:29:41.843763" elapsed="0.024120"/>
</kw>
<kw name="Append To List" owner="Collections">
<arg>${list_temp}</arg>
<arg>${value}</arg>
<doc>Adds ``values`` to the end of ``list``.</doc>
<status status="PASS" start="2025-09-07T14:29:41.868179" elapsed="0.000345"/>
</kw>
<var name="${option}">ul.boost-sd__sorting-list li &gt;&gt; nth=0</var>
<status status="PASS" start="2025-09-07T14:29:41.843632" elapsed="0.024942"/>
</iter>
<iter>
<kw name="Get Attribute" owner="Browser">
<msg time="2025-09-07T14:29:41.885423" level="INFO">Attribute is: 'best-selling'</msg>
<msg time="2025-09-07T14:29:41.886292" level="INFO">${value} = best-selling</msg>
<var>${value}</var>
<arg>${option}</arg>
<arg>data-value</arg>
<tag>Assertion</tag>
<tag>Getter</tag>
<tag>PageContent</tag>
<doc>Returns the HTML ``attribute`` of the element found by ``selector``.</doc>
<status status="PASS" start="2025-09-07T14:29:41.868841" elapsed="0.017601"/>
</kw>
<kw name="Append To List" owner="Collections">
<arg>${list_temp}</arg>
<arg>${value}</arg>
<doc>Adds ``values`` to the end of ``list``.</doc>
<status status="PASS" start="2025-09-07T14:29:41.887354" elapsed="0.000310"/>
</kw>
<var name="${option}">ul.boost-sd__sorting-list li &gt;&gt; nth=1</var>
<status status="PASS" start="2025-09-07T14:29:41.868692" elapsed="0.019027"/>
</iter>
<iter>
<kw name="Get Attribute" owner="Browser">
<msg time="2025-09-07T14:29:41.916827" level="INFO">Attribute is: 'created-descending'</msg>
<msg time="2025-09-07T14:29:41.917011" level="INFO">${value} = created-descending</msg>
<var>${value}</var>
<arg>${option}</arg>
<arg>data-value</arg>
<tag>Assertion</tag>
<tag>Getter</tag>
<tag>PageContent</tag>
<doc>Returns the HTML ``attribute`` of the element found by ``selector``.</doc>
<status status="PASS" start="2025-09-07T14:29:41.887993" elapsed="0.029052"/>
</kw>
<kw name="Append To List" owner="Collections">
<arg>${list_temp}</arg>
<arg>${value}</arg>
<doc>Adds ``values`` to the end of ``list``.</doc>
<status status="PASS" start="2025-09-07T14:29:41.917337" elapsed="0.000418"/>
</kw>
<var name="${option}">ul.boost-sd__sorting-list li &gt;&gt; nth=2</var>
<status status="PASS" start="2025-09-07T14:29:41.887855" elapsed="0.029964"/>
</iter>
<iter>
<kw name="Get Attribute" owner="Browser">
<msg time="2025-09-07T14:29:41.959737" level="INFO">Attribute is: 'number-extra-sort1-descending'</msg>
<msg time="2025-09-07T14:29:41.959871" level="INFO">${value} = number-extra-sort1-descending</msg>
<var>${value}</var>
<arg>${option}</arg>
<arg>data-value</arg>
<tag>Assertion</tag>
<tag>Getter</tag>
<tag>PageContent</tag>
<doc>Returns the HTML ``attribute`` of the element found by ``selector``.</doc>
<status status="PASS" start="2025-09-07T14:29:41.918148" elapsed="0.041745"/>
</kw>
<kw name="Append To List" owner="Collections">
<arg>${list_temp}</arg>
<arg>${value}</arg>
<doc>Adds ``values`` to the end of ``list``.</doc>
<status status="PASS" start="2025-09-07T14:29:41.960060" elapsed="0.000259"/>
</kw>
<var name="${option}">ul.boost-sd__sorting-list li &gt;&gt; nth=3</var>
<status status="PASS" start="2025-09-07T14:29:41.917955" elapsed="0.042408"/>
</iter>
<iter>
<kw name="Get Attribute" owner="Browser">
<msg time="2025-09-07T14:29:42.070366" level="INFO">Attribute is: 'number-extra-sort1-ascending'</msg>
<msg time="2025-09-07T14:29:42.070523" level="INFO">${value} = number-extra-sort1-ascending</msg>
<var>${value}</var>
<arg>${option}</arg>
<arg>data-value</arg>
<tag>Assertion</tag>
<tag>Getter</tag>
<tag>PageContent</tag>
<doc>Returns the HTML ``attribute`` of the element found by ``selector``.</doc>
<status status="PASS" start="2025-09-07T14:29:41.960590" elapsed="0.109954"/>
</kw>
<kw name="Append To List" owner="Collections">
<arg>${list_temp}</arg>
<arg>${value}</arg>
<doc>Adds ``values`` to the end of ``list``.</doc>
<status status="PASS" start="2025-09-07T14:29:42.070681" elapsed="0.000241"/>
</kw>
<var name="${option}">ul.boost-sd__sorting-list li &gt;&gt; nth=4</var>
<status status="PASS" start="2025-09-07T14:29:41.960462" elapsed="0.110502"/>
</iter>
<iter>
<kw name="Get Attribute" owner="Browser">
<msg time="2025-09-07T14:29:42.106199" level="INFO">Attribute is: 'price-descending'</msg>
<msg time="2025-09-07T14:29:42.106334" level="INFO">${value} = price-descending</msg>
<var>${value}</var>
<arg>${option}</arg>
<arg>data-value</arg>
<tag>Assertion</tag>
<tag>Getter</tag>
<tag>PageContent</tag>
<doc>Returns the HTML ``attribute`` of the element found by ``selector``.</doc>
<status status="PASS" start="2025-09-07T14:29:42.071178" elapsed="0.035173"/>
</kw>
<kw name="Append To List" owner="Collections">
<arg>${list_temp}</arg>
<arg>${value}</arg>
<doc>Adds ``values`` to the end of ``list``.</doc>
<status status="PASS" start="2025-09-07T14:29:42.106517" elapsed="0.000222"/>
</kw>
<var name="${option}">ul.boost-sd__sorting-list li &gt;&gt; nth=5</var>
<status status="PASS" start="2025-09-07T14:29:42.071056" elapsed="0.035722"/>
</iter>
<iter>
<kw name="Get Attribute" owner="Browser">
<msg time="2025-09-07T14:29:42.120430" level="INFO">Attribute is: 'price-ascending'</msg>
<msg time="2025-09-07T14:29:42.120543" level="INFO">${value} = price-ascending</msg>
<var>${value}</var>
<arg>${option}</arg>
<arg>data-value</arg>
<tag>Assertion</tag>
<tag>Getter</tag>
<tag>PageContent</tag>
<doc>Returns the HTML ``attribute`` of the element found by ``selector``.</doc>
<status status="PASS" start="2025-09-07T14:29:42.107018" elapsed="0.013543"/>
</kw>
<kw name="Append To List" owner="Collections">
<arg>${list_temp}</arg>
<arg>${value}</arg>
<doc>Adds ``values`` to the end of ``list``.</doc>
<status status="PASS" start="2025-09-07T14:29:42.120693" elapsed="0.000215"/>
</kw>
<var name="${option}">ul.boost-sd__sorting-list li &gt;&gt; nth=6</var>
<status status="PASS" start="2025-09-07T14:29:42.106857" elapsed="0.014087"/>
</iter>
<iter>
<kw name="Get Attribute" owner="Browser">
<msg time="2025-09-07T14:29:42.135217" level="INFO">Attribute is: 'title-ascending'</msg>
<msg time="2025-09-07T14:29:42.135351" level="INFO">${value} = title-ascending</msg>
<var>${value}</var>
<arg>${option}</arg>
<arg>data-value</arg>
<tag>Assertion</tag>
<tag>Getter</tag>
<tag>PageContent</tag>
<doc>Returns the HTML ``attribute`` of the element found by ``selector``.</doc>
<status status="PASS" start="2025-09-07T14:29:42.121136" elapsed="0.014239"/>
</kw>
<kw name="Append To List" owner="Collections">
<arg>${list_temp}</arg>
<arg>${value}</arg>
<doc>Adds ``values`` to the end of ``list``.</doc>
<status status="PASS" start="2025-09-07T14:29:42.135535" elapsed="0.000257"/>
</kw>
<var name="${option}">ul.boost-sd__sorting-list li &gt;&gt; nth=7</var>
<status status="PASS" start="2025-09-07T14:29:42.121023" elapsed="0.014816"/>
</iter>
<iter>
<kw name="Get Attribute" owner="Browser">
<msg time="2025-09-07T14:29:42.151755" level="INFO">Attribute is: 'title-descending'</msg>
<msg time="2025-09-07T14:29:42.151917" level="INFO">${value} = title-descending</msg>
<var>${value}</var>
<arg>${option}</arg>
<arg>data-value</arg>
<tag>Assertion</tag>
<tag>Getter</tag>
<tag>PageContent</tag>
<doc>Returns the HTML ``attribute`` of the element found by ``selector``.</doc>
<status status="PASS" start="2025-09-07T14:29:42.136081" elapsed="0.015857"/>
</kw>
<kw name="Append To List" owner="Collections">
<arg>${list_temp}</arg>
<arg>${value}</arg>
<doc>Adds ``values`` to the end of ``list``.</doc>
<status status="PASS" start="2025-09-07T14:29:42.152071" elapsed="0.000231"/>
</kw>
<var name="${option}">ul.boost-sd__sorting-list li &gt;&gt; nth=8</var>
<status status="PASS" start="2025-09-07T14:29:42.135942" elapsed="0.016395"/>
</iter>
<iter>
<kw name="Get Attribute" owner="Browser">
<msg time="2025-09-07T14:29:42.185650" level="INFO">Attribute is: 'relevance'</msg>
<msg time="2025-09-07T14:29:42.185807" level="INFO">${value} = relevance</msg>
<var>${value}</var>
<arg>${option}</arg>
<arg>data-value</arg>
<tag>Assertion</tag>
<tag>Getter</tag>
<tag>PageContent</tag>
<doc>Returns the HTML ``attribute`` of the element found by ``selector``.</doc>
<status status="PASS" start="2025-09-07T14:29:42.152511" elapsed="0.033326"/>
</kw>
<kw name="Append To List" owner="Collections">
<arg>${list_temp}</arg>
<arg>${value}</arg>
<doc>Adds ``values`` to the end of ``list``.</doc>
<status status="PASS" start="2025-09-07T14:29:42.186130" elapsed="0.000444"/>
</kw>
<var name="${option}">ul.boost-sd__sorting-list li &gt;&gt; nth=9</var>
<status status="PASS" start="2025-09-07T14:29:42.152413" elapsed="0.034250"/>
</iter>
<var>${option}</var>
<value>@{options}</value>
<status status="PASS" start="2025-09-07T14:29:41.843441" elapsed="0.343275"/>
</for>
<kw name="Log" owner="BuiltIn">
<msg time="2025-09-07T14:29:42.186994" level="INFO">option_attribute:['manual', 'best-selling', 'created-descending', 'number-extra-sort1-descending', 'number-extra-sort1-ascending', 'price-descending', 'price-ascending', 'title-ascending', 'title-descending', 'relevance']</msg>
<arg>option_attribute:${list_temp}</arg>
<arg>console=${False}</arg>
<doc>Logs the given message with the given level.</doc>
<status status="PASS" start="2025-09-07T14:29:42.186807" elapsed="0.000218"/>
</kw>
<kw name="Set Global Variable" owner="BuiltIn">
<msg time="2025-09-07T14:29:42.187266" level="INFO">${SORTINGS_MENU} = ['manual', 'best-selling', 'created-descending', 'number-extra-sort1-descending', 'number-extra-sort1-ascending', 'price-descending', 'price-ascending', 'title-ascending', 'title-descending', 'relevan...</msg>
<arg>${SORTINGS_MENU}</arg>
<arg>${list_temp}</arg>
<doc>Makes a variable available globally in all tests and suites.</doc>
<status status="PASS" start="2025-09-07T14:29:42.187100" elapsed="0.000192"/>
</kw>
<return>
<value>${list_temp}</value>
<status status="PASS" start="2025-09-07T14:29:42.187334" elapsed="0.000068"/>
</return>
<doc>Collect all sorting option values from menu</doc>
<status status="PASS" start="2025-09-07T14:29:41.813650" elapsed="0.373833"/>
</kw>
<arg>${index} == ${0}</arg>
<arg>Get Sorting Menu</arg>
<doc>Runs the given keyword with the given arguments, if ``condition`` is true.</doc>
<status status="PASS" start="2025-09-07T14:29:41.813057" elapsed="0.374461"/>
</kw>
<kw name="Random Selected Sorting">
<kw name="Evaluate" owner="BuiltIn">
<msg time="2025-09-07T14:29:42.188061" level="INFO">${skip_sorting} = False</msg>
<var>${skip_sorting}</var>
<arg>random.choice([${True}, ${False}])</arg>
<doc>Evaluates the given expression in Python and returns the result.</doc>
<status status="PASS" start="2025-09-07T14:29:42.187875" elapsed="0.000202"/>
</kw>
<if>
<branch type="IF" condition="${skip_sorting}">
<return>
<status status="NOT RUN" start="2025-09-07T14:29:42.188205" elapsed="0.000033"/>
</return>
<status status="NOT RUN" start="2025-09-07T14:29:42.188132" elapsed="0.000129"/>
</branch>
<status status="PASS" start="2025-09-07T14:29:42.188118" elapsed="0.000165"/>
</if>
<kw name="Evaluate" owner="BuiltIn">
<msg time="2025-09-07T14:29:42.188506" level="INFO">${random_sorting} = number-extra-sort1-descending</msg>
<var>${random_sorting}</var>
<arg>random.choice(@{sort_list})</arg>
<doc>Evaluates the given expression in Python and returns the result.</doc>
<status status="PASS" start="2025-09-07T14:29:42.188334" elapsed="0.000189"/>
</kw>
<kw name="Evaluate JavaScript" owner="Browser">
<msg time="2025-09-07T14:29:42.208816" level="INFO">JavaScript executed successfully.</msg>
<arg>li[data-value="${random_sorting}"]</arg>
<arg>element =&gt; element.click()</arg>
<tag>Getter</tag>
<tag>PageContent</tag>
<tag>Setter</tag>
<doc>Executes given javascript on the selected element(s) or on page.</doc>
<status status="PASS" start="2025-09-07T14:29:42.188591" elapsed="0.020468"/>
</kw>
<kw name="Wait Until Keyword Succeeds" owner="BuiltIn">
<kw name="Get Url" owner="Browser">
<arg>contains</arg>
<arg>${random_sorting}</arg>
<tag>Assertion</tag>
<tag>Getter</tag>
<tag>PageContent</tag>
<doc>Returns the current URL.</doc>
<status status="PASS" start="2025-09-07T14:29:42.210102" elapsed="0.006039"/>
</kw>
<arg>1m</arg>
<arg>2s</arg>
<arg>Get Url</arg>
<arg>contains</arg>
<arg>${random_sorting}</arg>
<doc>Runs the specified keyword and retries if it fails.</doc>
<status status="PASS" start="2025-09-07T14:29:42.209455" elapsed="0.006942"/>
</kw>
<kw name="Run Keyword And Return Status" owner="BuiltIn">
<kw name="Get Element Count" owner="Browser">
<arg>${SELECTOR['img_product_list']}</arg>
<arg>&gt;=</arg>
<arg>${1}</arg>
<tag>Assertion</tag>
<tag>Getter</tag>
<tag>PageContent</tag>
<doc>Returns the count of elements found with ``selector``.</doc>
<status status="PASS" start="2025-09-07T14:29:42.216883" elapsed="0.023822"/>
</kw>
<msg time="2025-09-07T14:29:42.240904" level="INFO">${product_show} = True</msg>
<var>${product_show}</var>
<arg>Get Element Count</arg>
<arg>${SELECTOR['img_product_list']}</arg>
<arg>&gt;=</arg>
<arg>${1}</arg>
<doc>Runs the given keyword with given arguments and returns the status as a Boolean value.</doc>
<status status="PASS" start="2025-09-07T14:29:42.216613" elapsed="0.024326"/>
</kw>
<if>
<branch type="IF" condition="not ${product_show}">
<kw name="Get Url" owner="Browser">
<var>${current_url}</var>
<tag>Assertion</tag>
<tag>Getter</tag>
<tag>PageContent</tag>
<doc>Returns the current URL.</doc>
<status status="NOT RUN" start="2025-09-07T14:29:42.241430" elapsed="0.000099"/>
</kw>
<kw name="Go To" owner="Browser">
<arg>${current_url}</arg>
<arg>wait_until=domcontentloaded</arg>
<tag>BrowserControl</tag>
<tag>Setter</tag>
<doc>Navigates to the given ``url``.</doc>
<status status="NOT RUN" start="2025-09-07T14:29:42.241666" elapsed="0.000082"/>
</kw>
<status status="NOT RUN" start="2025-09-07T14:29:42.241057" elapsed="0.000748"/>
</branch>
<status status="PASS" start="2025-09-07T14:29:42.241027" elapsed="0.000831"/>
</if>
<kw name="Wait Until Keyword Succeeds" owner="BuiltIn">
<kw name="Get Element Count" owner="Browser">
<arg>${SELECTOR['loading']}</arg>
<arg>&gt;=</arg>
<arg>${1}</arg>
<tag>Assertion</tag>
<tag>Getter</tag>
<tag>PageContent</tag>
<doc>Returns the count of elements found with ``selector``.</doc>
<status status="PASS" start="2025-09-07T14:29:42.242293" elapsed="0.742696"/>
</kw>
<arg>1m</arg>
<arg>2s</arg>
<arg>Get Element Count</arg>
<arg>${SELECTOR['loading']}</arg>
<arg>&gt;=</arg>
<arg>${1}</arg>
<doc>Runs the specified keyword and retries if it fails.</doc>
<status status="PASS" start="2025-09-07T14:29:42.241981" elapsed="0.743233"/>
</kw>
<doc>Randomly select a sorting option if not skipped</doc>
<status status="PASS" start="2025-09-07T14:29:42.187665" elapsed="0.797658"/>
</kw>
<kw name="Get Product Url">
<kw name="Run Keyword If" owner="BuiltIn">
<arg>${loadmore}</arg>
<arg>Scroll To</arg>
<arg>vertical=bottom</arg>
<doc>Runs the given keyword with the given arguments, if ``condition`` is true.</doc>
<status status="PASS" start="2025-09-07T14:29:42.986228" elapsed="0.000220"/>
</kw>
<kw name="Get Elements" owner="Browser">
<msg time="2025-09-07T14:29:43.003979" level="INFO">Found locator('div.boost-sd__product-item-grid-view-layout-image &gt; a').first(),locator('div.boost-sd__product-item-grid-view-layout-image &gt; a').nth(1),locator('div.boost-sd__product-item-grid-view-layout-image &gt; a').nth(2),locator('div.boost-sd__product-item-grid-view-layout-image &gt; a').nth(3),locator('div.boost-sd__product-item-grid-view-layout-image &gt; a').nth(4),locator('div.boost-sd__product-item-grid-view-layout-image &gt; a').nth(5),locator('div.boost-sd__product-item-grid-view-layout-image &gt; a').nth(6),locator('div.boost-sd__product-item-grid-view-layout-image &gt; a').nth(7),locator('div.boost-sd__product-item-grid-view-layout-image &gt; a').nth(8),locator('div.boost-sd__product-item-grid-view-layout-image &gt; a').nth(9),locator('div.boost-sd__product-item-grid-view-layout-image &gt; a').nth(10),locator('div.boost-sd__product-item-grid-view-layout-image &gt; a').nth(11),locator('div.boost-sd__product-item-grid-view-layout-image &gt; a').nth(12),locator('div.boost-sd__product-item-grid-view-layout-image &gt; a').nth(13),locator('div.boost-sd__product-item-grid-view-layout-image &gt; a').nth(14),locator('div.boost-sd__product-item-grid-view-layout-image &gt; a').nth(15),locator('div.boost-sd__product-item-grid-view-layout-image &gt; a').nth(16),locator('div.boost-sd__product-item-grid-view-layout-image &gt; a').nth(17),locator('div.boost-sd__product-item-grid-view-layout-image &gt; a').nth(18),locator('div.boost-sd__product-item-grid-view-layout-image &gt; a').nth(19),locator('div.boost-sd__product-item-grid-view-layout-image &gt; a').nth(20),locator('div.boost-sd__product-item-grid-view-layout-image &gt; a').nth(21),locator('div.boost-sd__product-item-grid-view-layout-image &gt; a').nth(22),locator('div.boost-sd__product-item-grid-view-layout-image &gt; a').nth(23),locator('div.boost-sd__product-item-grid-view-layout-image &gt; a').nth(24) Locators successfully.</msg>
<msg time="2025-09-07T14:29:43.004581" level="INFO">@{products} = [ div.boost-sd__product-item-grid-view-layout-image &gt; a &gt;&gt; nth=0 | div.boost-sd__product-item-grid-view-layout-image &gt; a &gt;&gt; nth=1 | div.boost-sd__product-item-grid-view-layout-image &gt; a &gt;&gt; nth=2 | div...</msg>
<var>@{products}</var>
<arg>${SELECTOR['img_product_list']} &gt; a</arg>
<tag>Getter</tag>
<tag>PageContent</tag>
<doc>Returns a reference to Playwright [https://playwright.dev/docs/api/class-locator|Locator]
for all matched elements by ``selector``.</doc>
<status status="PASS" start="2025-09-07T14:29:42.986719" elapsed="0.017896"/>
</kw>
<kw name="Create List" owner="BuiltIn">
<msg time="2025-09-07T14:29:43.005212" level="INFO">@{list_temp} = [ ]</msg>
<var>@{list_temp}</var>
<doc>Returns a list containing given items.</doc>
<status status="PASS" start="2025-09-07T14:29:43.004823" elapsed="0.000417"/>
</kw>
<for flavor="IN">
<iter>
<kw name="Get Attribute" owner="Browser">
<msg time="2025-09-07T14:29:43.152472" level="INFO">Attribute is: '/products/on-running-cloudrunner-2-waterproof-mens-running-shoes-on497sh933eeth-3me10152130'</msg>
<msg time="2025-09-07T14:29:43.152717" level="INFO">${link_product} = /products/on-running-cloudrunner-2-waterproof-mens-running-shoes-on497sh933eeth-3me10152130</msg>
<var>${link_product}</var>
<arg>${product}</arg>
<arg>href</arg>
<tag>Assertion</tag>
<tag>Getter</tag>
<tag>PageContent</tag>
<doc>Returns the HTML ``attribute`` of the element found by ``selector``.</doc>
<status status="PASS" start="2025-09-07T14:29:43.005730" elapsed="0.147020"/>
</kw>
<kw name="Append To List" owner="Collections">
<arg>${list_temp}</arg>
<arg>${link_product}</arg>
<doc>Adds ``values`` to the end of ``list``.</doc>
<status status="PASS" start="2025-09-07T14:29:43.153030" elapsed="0.000386"/>
</kw>
<var name="${product}">div.boost-sd__product-item-grid-view-layout-image &gt; a &gt;&gt; nth=0</var>
<status status="PASS" start="2025-09-07T14:29:43.005586" elapsed="0.147894"/>
</iter>
<iter>
<kw name="Get Attribute" owner="Browser">
<msg time="2025-09-07T14:29:43.219587" level="INFO">Attribute is: '/products/on-running-cloudrunner-2-mens-running-shoes-on497sh932eeth-3me10140622'</msg>
<msg time="2025-09-07T14:29:43.219841" level="INFO">${link_product} = /products/on-running-cloudrunner-2-mens-running-shoes-on497sh932eeth-3me10140622</msg>
<var>${link_product}</var>
<arg>${product}</arg>
<arg>href</arg>
<tag>Assertion</tag>
<tag>Getter</tag>
<tag>PageContent</tag>
<doc>Returns the HTML ``attribute`` of the element found by ``selector``.</doc>
<status status="PASS" start="2025-09-07T14:29:43.153853" elapsed="0.066039"/>
</kw>
<kw name="Append To List" owner="Collections">
<arg>${list_temp}</arg>
<arg>${link_product}</arg>
<doc>Adds ``values`` to the end of ``list``.</doc>
<status status="PASS" start="2025-09-07T14:29:43.220573" elapsed="0.001127"/>
</kw>
<var name="${product}">div.boost-sd__product-item-grid-view-layout-image &gt; a &gt;&gt; nth=1</var>
<status status="PASS" start="2025-09-07T14:29:43.153642" elapsed="0.068179"/>
</iter>
<iter>
<kw name="Get Attribute" owner="Browser">
<msg time="2025-09-07T14:29:43.246071" level="INFO">Attribute is: '/products/on-running-cloudeclipse-mens-running-shoes-on497sh929eeth-3md30092547'</msg>
<msg time="2025-09-07T14:29:43.246224" level="INFO">${link_product} = /products/on-running-cloudeclipse-mens-running-shoes-on497sh929eeth-3md30092547</msg>
<var>${link_product}</var>
<arg>${product}</arg>
<arg>href</arg>
<tag>Assertion</tag>
<tag>Getter</tag>
<tag>PageContent</tag>
<doc>Returns the HTML ``attribute`` of the element found by ``selector``.</doc>
<status status="PASS" start="2025-09-07T14:29:43.222495" elapsed="0.023758"/>
</kw>
<kw name="Append To List" owner="Collections">
<arg>${list_temp}</arg>
<arg>${link_product}</arg>
<doc>Adds ``values`` to the end of ``list``.</doc>
<status status="PASS" start="2025-09-07T14:29:43.246569" elapsed="0.000772"/>
</kw>
<var name="${product}">div.boost-sd__product-item-grid-view-layout-image &gt; a &gt;&gt; nth=2</var>
<status status="PASS" start="2025-09-07T14:29:43.222166" elapsed="0.025312"/>
</iter>
<iter>
<kw name="Get Attribute" owner="Browser">
<msg time="2025-09-07T14:29:43.261283" level="INFO">Attribute is: '/products/on-running-cloudspark-mens-running-shoes-on497sh934eeth-3me10391947'</msg>
<msg time="2025-09-07T14:29:43.261418" level="INFO">${link_product} = /products/on-running-cloudspark-mens-running-shoes-on497sh934eeth-3me10391947</msg>
<var>${link_product}</var>
<arg>${product}</arg>
<arg>href</arg>
<tag>Assertion</tag>
<tag>Getter</tag>
<tag>PageContent</tag>
<doc>Returns the HTML ``attribute`` of the element found by ``selector``.</doc>
<status status="PASS" start="2025-09-07T14:29:43.247833" elapsed="0.013611"/>
</kw>
<kw name="Append To List" owner="Collections">
<arg>${list_temp}</arg>
<arg>${link_product}</arg>
<doc>Adds ``values`` to the end of ``list``.</doc>
<status status="PASS" start="2025-09-07T14:29:43.261609" elapsed="0.000257"/>
</kw>
<var name="${product}">div.boost-sd__product-item-grid-view-layout-image &gt; a &gt;&gt; nth=3</var>
<status status="PASS" start="2025-09-07T14:29:43.247652" elapsed="0.014265"/>
</iter>
<iter>
<kw name="Get Attribute" owner="Browser">
<msg time="2025-09-07T14:29:43.278961" level="INFO">Attribute is: '/products/on-running-cloudsurfer-next-women-running-shoes-on497sh373dzth-3we30050070'</msg>
<msg time="2025-09-07T14:29:43.279111" level="INFO">${link_product} = /products/on-running-cloudsurfer-next-women-running-shoes-on497sh373dzth-3we30050070</msg>
<var>${link_product}</var>
<arg>${product}</arg>
<arg>href</arg>
<tag>Assertion</tag>
<tag>Getter</tag>
<tag>PageContent</tag>
<doc>Returns the HTML ``attribute`` of the element found by ``selector``.</doc>
<status status="PASS" start="2025-09-07T14:29:43.262168" elapsed="0.016974"/>
</kw>
<kw name="Append To List" owner="Collections">
<arg>${list_temp}</arg>
<arg>${link_product}</arg>
<doc>Adds ``values`` to the end of ``list``.</doc>
<status status="PASS" start="2025-09-07T14:29:43.279309" elapsed="0.000242"/>
</kw>
<var name="${product}">div.boost-sd__product-item-grid-view-layout-image &gt; a &gt;&gt; nth=4</var>
<status status="PASS" start="2025-09-07T14:29:43.262027" elapsed="0.017612"/>
</iter>
<iter>
<kw name="Get Attribute" owner="Browser">
<msg time="2025-09-07T14:29:43.291874" level="INFO">Attribute is: '/products/on-running-cloudmonster-hyper-women-running-shoes-on497sh362ecth-3we10121481'</msg>
<msg time="2025-09-07T14:29:43.292062" level="INFO">${link_product} = /products/on-running-cloudmonster-hyper-women-running-shoes-on497sh362ecth-3we10121481</msg>
<var>${link_product}</var>
<arg>${product}</arg>
<arg>href</arg>
<tag>Assertion</tag>
<tag>Getter</tag>
<tag>PageContent</tag>
<doc>Returns the HTML ``attribute`` of the element found by ``selector``.</doc>
<status status="PASS" start="2025-09-07T14:29:43.279875" elapsed="0.012215"/>
</kw>
<kw name="Append To List" owner="Collections">
<arg>${list_temp}</arg>
<arg>${link_product}</arg>
<doc>Adds ``values`` to the end of ``list``.</doc>
<status status="PASS" start="2025-09-07T14:29:43.292274" elapsed="0.000307"/>
</kw>
<var name="${product}">div.boost-sd__product-item-grid-view-layout-image &gt; a &gt;&gt; nth=5</var>
<status status="PASS" start="2025-09-07T14:29:43.279746" elapsed="0.012889"/>
</iter>
<iter>
<kw name="Get Attribute" owner="Browser">
<msg time="2025-09-07T14:29:43.305452" level="INFO">Attribute is: '/products/on-running-cloudmonster-hyper-men-running-shoes-on497sh361ecth-3me10132535'</msg>
<msg time="2025-09-07T14:29:43.305643" level="INFO">${link_product} = /products/on-running-cloudmonster-hyper-men-running-shoes-on497sh361ecth-3me10132535</msg>
<var>${link_product}</var>
<arg>${product}</arg>
<arg>href</arg>
<tag>Assertion</tag>
<tag>Getter</tag>
<tag>PageContent</tag>
<doc>Returns the HTML ``attribute`` of the element found by ``selector``.</doc>
<status status="PASS" start="2025-09-07T14:29:43.292879" elapsed="0.012806"/>
</kw>
<kw name="Append To List" owner="Collections">
<arg>${list_temp}</arg>
<arg>${link_product}</arg>
<doc>Adds ``values`` to the end of ``list``.</doc>
<status status="PASS" start="2025-09-07T14:29:43.305876" elapsed="0.000259"/>
</kw>
<var name="${product}">div.boost-sd__product-item-grid-view-layout-image &gt; a &gt;&gt; nth=6</var>
<status status="PASS" start="2025-09-07T14:29:43.292748" elapsed="0.013437"/>
</iter>
<iter>
<kw name="Get Attribute" owner="Browser">
<msg time="2025-09-07T14:29:43.318071" level="INFO">Attribute is: '/products/on-running-road-on497sh302epth-3wf10100171'</msg>
<msg time="2025-09-07T14:29:43.318224" level="INFO">${link_product} = /products/on-running-road-on497sh302epth-3wf10100171</msg>
<var>${link_product}</var>
<arg>${product}</arg>
<arg>href</arg>
<tag>Assertion</tag>
<tag>Getter</tag>
<tag>PageContent</tag>
<doc>Returns the HTML ``attribute`` of the element found by ``selector``.</doc>
<status status="PASS" start="2025-09-07T14:29:43.306419" elapsed="0.011835"/>
</kw>
<kw name="Append To List" owner="Collections">
<arg>${list_temp}</arg>
<arg>${link_product}</arg>
<doc>Adds ``values`` to the end of ``list``.</doc>
<status status="PASS" start="2025-09-07T14:29:43.318429" elapsed="0.000275"/>
</kw>
<var name="${product}">div.boost-sd__product-item-grid-view-layout-image &gt; a &gt;&gt; nth=7</var>
<status status="PASS" start="2025-09-07T14:29:43.306293" elapsed="0.012464"/>
</iter>
<iter>
<kw name="Get Attribute" owner="Browser">
<msg time="2025-09-07T14:29:43.335022" level="INFO">Attribute is: '/products/on-running-road-on497sh301epth-3wf10061200'</msg>
<msg time="2025-09-07T14:29:43.335132" level="INFO">${link_product} = /products/on-running-road-on497sh301epth-3wf10061200</msg>
<var>${link_product}</var>
<arg>${product}</arg>
<arg>href</arg>
<tag>Assertion</tag>
<tag>Getter</tag>
<tag>PageContent</tag>
<doc>Returns the HTML ``attribute`` of the element found by ``selector``.</doc>
<status status="PASS" start="2025-09-07T14:29:43.319021" elapsed="0.016128"/>
</kw>
<kw name="Append To List" owner="Collections">
<arg>${list_temp}</arg>
<arg>${link_product}</arg>
<doc>Adds ``values`` to the end of ``list``.</doc>
<status status="PASS" start="2025-09-07T14:29:43.335295" elapsed="0.000226"/>
</kw>
<var name="${product}">div.boost-sd__product-item-grid-view-layout-image &gt; a &gt;&gt; nth=8</var>
<status status="PASS" start="2025-09-07T14:29:43.318877" elapsed="0.016681"/>
</iter>
<iter>
<kw name="Get Attribute" owner="Browser">
<msg time="2025-09-07T14:29:43.345495" level="INFO">Attribute is: '/products/on-running-road-on497sh300epth-3wf10060299'</msg>
<msg time="2025-09-07T14:29:43.345598" level="INFO">${link_product} = /products/on-running-road-on497sh300epth-3wf10060299</msg>
<var>${link_product}</var>
<arg>${product}</arg>
<arg>href</arg>
<tag>Assertion</tag>
<tag>Getter</tag>
<tag>PageContent</tag>
<doc>Returns the HTML ``attribute`` of the element found by ``selector``.</doc>
<status status="PASS" start="2025-09-07T14:29:43.335742" elapsed="0.009872"/>
</kw>
<kw name="Append To List" owner="Collections">
<arg>${list_temp}</arg>
<arg>${link_product}</arg>
<doc>Adds ``values`` to the end of ``list``.</doc>
<status status="PASS" start="2025-09-07T14:29:43.345731" elapsed="0.000189"/>
</kw>
<var name="${product}">div.boost-sd__product-item-grid-view-layout-image &gt; a &gt;&gt; nth=9</var>
<status status="PASS" start="2025-09-07T14:29:43.335639" elapsed="0.010315"/>
</iter>
<iter>
<kw name="Get Attribute" owner="Browser">
<msg time="2025-09-07T14:29:43.355238" level="INFO">Attribute is: '/products/on-running-road-on497sh299epth-3wf10060070'</msg>
<msg time="2025-09-07T14:29:43.355385" level="INFO">${link_product} = /products/on-running-road-on497sh299epth-3wf10060070</msg>
<var>${link_product}</var>
<arg>${product}</arg>
<arg>href</arg>
<tag>Assertion</tag>
<tag>Getter</tag>
<tag>PageContent</tag>
<doc>Returns the HTML ``attribute`` of the element found by ``selector``.</doc>
<status status="PASS" start="2025-09-07T14:29:43.346121" elapsed="0.009282"/>
</kw>
<kw name="Append To List" owner="Collections">
<arg>${list_temp}</arg>
<arg>${link_product}</arg>
<doc>Adds ``values`` to the end of ``list``.</doc>
<status status="PASS" start="2025-09-07T14:29:43.355546" elapsed="0.000210"/>
</kw>
<var name="${product}">div.boost-sd__product-item-grid-view-layout-image &gt; a &gt;&gt; nth=10</var>
<status status="PASS" start="2025-09-07T14:29:43.346028" elapsed="0.009764"/>
</iter>
<iter>
<kw name="Get Attribute" owner="Browser">
<msg time="2025-09-07T14:29:43.365405" level="INFO">Attribute is: '/products/on-running-trail-on497sh298epth-3mf30223072'</msg>
<msg time="2025-09-07T14:29:43.365505" level="INFO">${link_product} = /products/on-running-trail-on497sh298epth-3mf30223072</msg>
<var>${link_product}</var>
<arg>${product}</arg>
<arg>href</arg>
<tag>Assertion</tag>
<tag>Getter</tag>
<tag>PageContent</tag>
<doc>Returns the HTML ``attribute`` of the element found by ``selector``.</doc>
<status status="PASS" start="2025-09-07T14:29:43.355992" elapsed="0.009529"/>
</kw>
[...]
<var>${title}</var>
<arg>${data_item}</arg>
<arg>title</arg>
<doc>Returns a value from the given ``dictionary`` based on the given ``key``.</doc>
<status status="PASS" start="2025-09-07T14:30:00.320563" elapsed="0.000120"/>
</kw>
<kw name="Get From Dictionary" owner="Collections">
<msg time="2025-09-07T14:30:00.320842" level="INFO">${url} = on-running-cloudsurfer-next-women-running-shoes-on497sh373dzth-3we30050070</msg>
<var>${url}</var>
<arg>${detail_item}</arg>
<arg>handle</arg>
<doc>Returns a value from the given ``dictionary`` based on the given ``key``.</doc>
<status status="PASS" start="2025-09-07T14:30:00.320743" elapsed="0.000113"/>
</kw>
<kw name="Get From Dictionary" owner="Collections">
<msg time="2025-09-07T14:30:00.321025" level="INFO">${option} = สีเทา (Grey) / US 6</msg>
<var>${option}</var>
<arg>${detail_item}</arg>
<arg>variant_title</arg>
<doc>Returns a value from the given ``dictionary`` based on the given ``key``.</doc>
<status status="PASS" start="2025-09-07T14:30:00.320923" elapsed="0.000117"/>
</kw>
<kw name="Get From Dictionary" owner="Collections">
<msg time="2025-09-07T14:30:00.321184" level="INFO">${original_price} = 620000</msg>
<var>${original_price}</var>
<arg>${data_item}</arg>
<arg>compare_at_price</arg>
<doc>Returns a value from the given ``dictionary`` based on the given ``key``.</doc>
<status status="PASS" start="2025-09-07T14:30:00.321091" elapsed="0.000107"/>
</kw>
<kw name="Evaluate" owner="BuiltIn">
<msg time="2025-09-07T14:30:00.321387" level="INFO">${old_price} = 6,200</msg>
<var>${old_price}</var>
<arg>"{:,}".format(int(${original_price} / 100))</arg>
<doc>Evaluates the given expression in Python and returns the result.</doc>
<status status="PASS" start="2025-09-07T14:30:00.321254" elapsed="0.000147"/>
</kw>
<kw name="Get From Dictionary" owner="Collections">
<msg time="2025-09-07T14:30:00.321546" level="INFO">${current_price} = 558000</msg>
<var>${current_price}</var>
<arg>${data_item}</arg>
<arg>price</arg>
<doc>Returns a value from the given ``dictionary`` based on the given ``key``.</doc>
<status status="PASS" start="2025-09-07T14:30:00.321452" elapsed="0.000108"/>
</kw>
<kw name="Evaluate" owner="BuiltIn">
<msg time="2025-09-07T14:30:00.321736" level="INFO">${final_price} = 5,580</msg>
<var>${final_price}</var>
<arg>"{:,}".format(int(${current_price} / 100))</arg>
<doc>Evaluates the given expression in Python and returns the result.</doc>
<status status="PASS" start="2025-09-07T14:30:00.321613" elapsed="0.000138"/>
</kw>
<kw name="Evaluate" owner="BuiltIn">
<msg time="2025-09-07T14:30:00.321943" level="INFO">${total_bill} = 877000</msg>
<var>${total_bill}</var>
<arg>int(${total_bill} + ${current_price})</arg>
<doc>Evaluates the given expression in Python and returns the result.</doc>
<status status="PASS" start="2025-09-07T14:30:00.321807" elapsed="0.000151"/>
</kw>
<kw name="Evaluate" owner="BuiltIn">
<msg time="2025-09-07T14:30:00.322147" level="INFO">${quantity} = 1</msg>
<var>${quantity}</var>
<arg>str(${product_ids}.count('${id}'))</arg>
<doc>Evaluates the given expression in Python and returns the result.</doc>
<status status="PASS" start="2025-09-07T14:30:00.322013" elapsed="0.000148"/>
</kw>
<kw name="Evaluate" owner="BuiltIn">
<msg time="2025-09-07T14:30:00.322342" level="INFO">${total_price} = 5,580</msg>
<var>${total_price}</var>
<arg>"{:,}".format(int(${current_price} * ${quantity} / 100))</arg>
<doc>Evaluates the given expression in Python and returns the result.</doc>
<status status="PASS" start="2025-09-07T14:30:00.322214" elapsed="0.000142"/>
</kw>
<kw name="Set Variable" owner="BuiltIn">
<msg time="2025-09-07T14:30:00.322767" level="INFO">${selector_by_row} = tr#CartItem-2</msg>
<var>${selector_by_row}</var>
<arg>tr#CartItem-${index + 1}</arg>
<doc>Returns the given values which can then be assigned to a variables.</doc>
<status status="PASS" start="2025-09-07T14:30:00.322409" elapsed="0.000375"/>
</kw>
<kw name="Wait For Elements State" owner="Browser">
<msg time="2025-09-07T14:30:00.329401" level="INFO">Waited for Element with selector tr#CartItem-2 at state attached</msg>
<arg>tr#CartItem-${index + 1}</arg>
<arg>attached</arg>
<tag>PageContent</tag>
<tag>Wait</tag>
<doc>Waits for the element found by ``selector`` to satisfy state option.</doc>
<status status="PASS" start="2025-09-07T14:30:00.322855" elapsed="0.006677"/>
</kw>
<kw name="Get Attribute" owner="Browser">
<msg time="2025-09-07T14:30:00.344026" level="INFO">Attribute is: '//www.supersports.co.th/cdn/shop/files/ON497SH373DZTH-0.jpg?v=1739353916&amp;width=110'</msg>
<arg>${selector_by_row} ${SELECTOR['img_cart_list']}</arg>
<arg>src</arg>
<arg>equal</arg>
<arg>${src}</arg>
<tag>Assertion</tag>
<tag>Getter</tag>
<tag>PageContent</tag>
<doc>Returns the HTML ``attribute`` of the element found by ``selector``.</doc>
<status status="PASS" start="2025-09-07T14:30:00.329819" elapsed="0.014337"/>
</kw>
<kw name="Get Property" owner="Browser">
<msg time="2025-09-07T14:30:00.357606" level="INFO">Property: 'ON'</msg>
<arg>${selector_by_row} ${SELECTOR['brand_cart_list']}</arg>
<arg>innerText</arg>
<arg>contains</arg>
<arg>${vendor}</arg>
<tag>Assertion</tag>
<tag>Getter</tag>
<tag>PageContent</tag>
<doc>Returns the ``property`` of the element found by ``selector``.</doc>
<status status="PASS" start="2025-09-07T14:30:00.344370" elapsed="0.013326"/>
</kw>
<kw name="Get Attribute" owner="Browser">
<msg time="2025-09-07T14:30:00.370803" level="INFO">Attribute is: '/products/on-running-cloudsurfer-next-women-running-shoes-on497sh373dzth-3we30050070?variant=49921155662112'</msg>
<arg>${selector_by_row} ${SELECTOR['link_cart_list']}</arg>
<arg>href</arg>
<arg>contains</arg>
<arg>${url}</arg>
<tag>Assertion</tag>
<tag>Getter</tag>
<tag>PageContent</tag>
<doc>Returns the HTML ``attribute`` of the element found by ``selector``.</doc>
<status status="PASS" start="2025-09-07T14:30:00.357862" elapsed="0.013039"/>
</kw>
<kw name="Get Property" owner="Browser">
<msg time="2025-09-07T14:30:00.383061" level="INFO">Property: 'ON RUNNING Cloudsurfer Next รองเท้าวิ่งผู้หญิง'</msg>
<arg>${selector_by_row} ${SELECTOR['desc_cart_list']}</arg>
<arg>innerText</arg>
<arg>contains</arg>
<arg>${title}</arg>
<tag>Assertion</tag>
<tag>Getter</tag>
<tag>PageContent</tag>
<doc>Returns the ``property`` of the element found by ``selector``.</doc>
<status status="PASS" start="2025-09-07T14:30:00.371055" elapsed="0.012134"/>
</kw>
<kw name="Run Keyword And Ignore Error" owner="BuiltIn">
<kw name="Get Property" owner="Browser">
<msg time="2025-09-07T14:30:00.394666" level="INFO">Property: 'สีเทา (Grey) / US 6'</msg>
<arg>${selector_by_row} ${SELECTOR['option_cart_list']}</arg>
<arg>innerText</arg>
<arg>contains</arg>
<arg>${option}</arg>
<tag>Assertion</tag>
<tag>Getter</tag>
<tag>PageContent</tag>
<doc>Returns the ``property`` of the element found by ``selector``.</doc>
<status status="PASS" start="2025-09-07T14:30:00.383676" elapsed="0.011103"/>
</kw>
<arg>Get Property</arg>
<arg>${selector_by_row} ${SELECTOR['option_cart_list']}</arg>
<arg>innerText</arg>
<arg>contains</arg>
<arg>${option}</arg>
<doc>Runs the given keyword with the given arguments and ignores possible error.</doc>
<status status="PASS" start="2025-09-07T14:30:00.383395" elapsed="0.011488"/>
</kw>
<kw name="Run Keyword If" owner="BuiltIn">
<kw name="Get Property" owner="Browser">
<msg time="2025-09-07T14:30:00.407854" level="INFO">Property: '฿6,200'</msg>
<arg>${selector_by_row} ${SELECTOR['old_price_cart_list']}</arg>
<arg>innerText</arg>
<arg>contains</arg>
<arg>฿${old_price}</arg>
<tag>Assertion</tag>
<tag>Getter</tag>
<tag>PageContent</tag>
<doc>Returns the ``property`` of the element found by ``selector``.</doc>
<status status="PASS" start="2025-09-07T14:30:00.395461" elapsed="0.012544"/>
</kw>
<arg>${original_price} != ${current_price}</arg>
<arg>Get Property</arg>
<arg>${selector_by_row} ${SELECTOR['old_price_cart_list']}</arg>
<arg>innerText</arg>
<arg>contains</arg>
<arg>฿${old_price}</arg>
<doc>Runs the given keyword with the given arguments, if ``condition`` is true.</doc>
<status status="PASS" start="2025-09-07T14:30:00.395055" elapsed="0.013071"/>
</kw>
<kw name="Get Property" owner="Browser">
<msg time="2025-09-07T14:30:00.420703" level="INFO">Property: '฿5,580'</msg>
<arg>${selector_by_row} ${SELECTOR['final_price_cart_list']}</arg>
<arg>innerText</arg>
<arg>contains</arg>
<arg>฿${final_price}</arg>
<tag>Assertion</tag>
<tag>Getter</tag>
<tag>PageContent</tag>
<doc>Returns the ``property`` of the element found by ``selector``.</doc>
<status status="PASS" start="2025-09-07T14:30:00.408300" elapsed="0.012523"/>
</kw>
<kw name="Get Attribute" owner="Browser">
<msg time="2025-09-07T14:30:00.432114" level="INFO">Attribute is: '1'</msg>
<arg>${selector_by_row} ${SELECTOR['quantity_cart_list']}</arg>
<arg>value</arg>
<arg>equal</arg>
<arg>${quantity}</arg>
<tag>Assertion</tag>
<tag>Getter</tag>
<tag>PageContent</tag>
<doc>Returns the HTML ``attribute`` of the element found by ``selector``.</doc>
<status status="PASS" start="2025-09-07T14:30:00.421040" elapsed="0.011196"/>
</kw>
<kw name="Get Property" owner="Browser">
<msg time="2025-09-07T14:30:00.440724" level="INFO">Property: '฿5,580'</msg>
<arg>${selector_by_row} ${SELECTOR['price_end_cart_list']}</arg>
<arg>innerText</arg>
<arg>contains</arg>
<arg>฿${total_price}</arg>
<tag>Assertion</tag>
<tag>Getter</tag>
<tag>PageContent</tag>
<doc>Returns the ``property`` of the element found by ``selector``.</doc>
<status status="PASS" start="2025-09-07T14:30:00.432405" elapsed="0.008396"/>
</kw>
<var name="${index}">1</var>
<var name="${id}">ON-9772839010592</var>
<status status="PASS" start="2025-09-07T14:30:00.316257" elapsed="0.124600"/>
</iter>
<var>${index}</var>
<var>${id}</var>
<value>@{product_ids}</value>
<status status="PASS" start="2025-09-07T14:29:59.871363" elapsed="0.569536"/>
</for>
<kw name="Evaluate" owner="BuiltIn">
<msg time="2025-09-07T14:30:00.441248" level="INFO">${total_bill} = 8,770</msg>
<var>${total_bill}</var>
<arg>"{:,}".format(int(${total_bill} / 100))</arg>
<doc>Evaluates the given expression in Python and returns the result.</doc>
<status status="PASS" start="2025-09-07T14:30:00.441005" elapsed="0.000267"/>
</kw>
<kw name="Get Property" owner="Browser">
<msg time="2025-09-07T14:30:00.453658" level="INFO">Property: '฿8,770'</msg>
<arg>${SELECTOR['total_bill_cart']}</arg>
<arg>innerText</arg>
<arg>contains</arg>
<arg>฿${total_bill}</arg>
<tag>Assertion</tag>
<tag>Getter</tag>
<tag>PageContent</tag>
<doc>Returns the ``property`` of the element found by ``selector``.</doc>
<status status="PASS" start="2025-09-07T14:30:00.441358" elapsed="0.012400"/>
</kw>
<doc>Validate that all products in the cart match the added products, including:
 - Image
 - Brand / Vendor
 - Product link
 - Title / Description
 - Variant / Option
 - Original price and final price
 - Quantity
 - Total price per product
 - Total bill</doc>
<status status="PASS" start="2025-09-07T14:29:58.537414" elapsed="1.916451"/>
</kw>
<kw name="Remove All Items In Cart" type="TEARDOWN">
<kw name="Go To" owner="Browser">
<msg time="2025-09-07T14:30:00.848713" level="INFO">Successfully opened URL https://www.supersports.co.th/cart</msg>
<arg>${BASE_URL}${PATH_CART}</arg>
<arg>wait_until=domcontentloaded</arg>
<tag>BrowserControl</tag>
<tag>Setter</tag>
<doc>Navigates to the given ``url``.</doc>
<status status="PASS" start="2025-09-07T14:30:00.454942" elapsed="0.393932"/>
</kw>
<kw name="Wait For Elements State" owner="Browser">
<msg time="2025-09-07T14:30:01.108933" level="INFO">Waited for Element with selector div.form-header cart-remove-all.clear-cart at state attached</msg>
<arg>${SELECTOR['text_clear_cart']}</arg>
<arg>attached</arg>
<tag>PageContent</tag>
<tag>Wait</tag>
<doc>Waits for the element found by ``selector`` to satisfy state option.</doc>
<status status="PASS" start="2025-09-07T14:30:00.849048" elapsed="0.260375"/>
</kw>
<kw name="Click" owner="Browser">
<msg time="2025-09-07T14:30:01.112307" level="INFO">Clicks the element 'div.form-header cart-remove-all.clear-cart'.</msg>
<arg>${SELECTOR['text_clear_cart']}</arg>
<tag>PageContent</tag>
<tag>Setter</tag>
<doc>Simulates mouse click on the element found by ``selector``.</doc>
<status status="PASS" start="2025-09-07T14:30:01.109966" elapsed="0.379978"/>
</kw>
<kw name="Wait For Response" owner="Browser">
<msg time="2025-09-07T14:30:01.873261" level="INFO">Response received</msg>
<msg time="2025-09-07T14:30:01.875130" level="INFO">{'status': 200, 'headers': {'x-request-id': '9f3af049-1e7a-4800-a250-6f9fb0aae48d-1757230201', 'content-encoding': 'gzip', 'cf-cache-status': 'DYNAMIC', 'powered-by': 'Shopify', 'x-dc': 'gcp-asia-southeast1,gcp-asia-southeast1,gcp-asia-southeast1', 'x-permitted-cross-domain-policies': 'none', 'report-to': '{"endpoints":[{"url":"https:\\/\\/a.nel.cloudflare.com\\/report\\/v4?s=zBu7yCpgNPqtGVvqotrCEpIjLBFyMXECjGNG2wGm1%2Fos3ctZ3tvC6OycSln0l0gClKO%2FMBsTSX%2B11WUC7LmjD30LxP1Gsq5Ry7XxhpDqO3IRkMYiRLfv%2F2FcsXUnyiK2XyrPJtEtdg%3D%3D"}],"group":"cf-nel","max_age":604800}', 'x-content-type-options': 'nosniff', 'x-sorting-hat-shopid': '86265594144', 'server-timing': 'processing;dur=393;desc="gc:1", db;dur=1, db_async;dur=1.242, edge_cart;dur=9.89;desc="trips=2", fetch;dur=746, asn;desc="131445", edge;desc="BKK", country;desc="TH", servedBy;desc="8zhq", requestID;desc="9f3af049-1e7a-4800-a250-6f9fb0aae48d-1757230201", _y;desc="e0f1809a-7ca9-4e40-86c4-99be7058ce7b", _s;desc="b22038f1-0843-43a7-8ccf-19a29f81b2b3", _cmp;desc="3.AMPS_TH10_f_f_tEHDxeKdQnKntt4zg5887A", cfRequestDuration;dur=467.000008, cfExtPri', 'alt-svc': 'h3=":443"; ma=86400', 'date': 'Sun, 07 Sep 2025 07:30:02 GMT', 'content-type': 'text/javascript; charset=utf-8', 'vary': 'Accept,accept-encoding', 'priority': 'u=1,i', 'x-frame-options': 'DENY', 'strict-transport-security': 'max-age=7889238', 'content-security-policy': "block-all-mixed-content; frame-ancestors 'none'; upgrade-insecure-requests;", 'cache-control': 'no-cache, no-store', 'x-storefront-renderer-rendered': '1', 'nel': '{"success_fraction":0.01,"report_to":"cf-nel","max_age":604800}', 'x-download-options': 'noopen', 'cf-ray': '97b47f97dae0d028-BKK', 'shopify-complexity-score': '0', 'x-xss-protection': '1; mode=block', 'x-sorting-hat-podid': '287', 'x-shopid': '86265594144', 'server': 'cloudflare', 'x-shardid': '287'}, 'statusText': '', 'url': 'https://www.supersports.co.th/cart/clear.js', 'ok': True, 'request': {'headers': {'sec-ch-ua-platform': '"Windows"', 'referer': 'https://www.supersports.co.th/cart', 'user-agent': 'Mozilla/5.0 (Windows NT 10.0; Win64; x64) AppleWebKit/537.36 (KHTML, like Gecko) Chrome/133.0.0.0 Safari/537.36', 'sec-ch-ua': '"Chromium";v="133", "Not(A:Brand";v="99"', 'sec-ch-ua-mobile': '?0'}, 'method': 'GET', 'postData': None}, 'body': {'token': 'hWN2h2C8MvgypmCOBH28le7g?key=9b3f720a0951252b3b91b6cd9447ef8d', 'note': '', 'attributes': {'_tfcToken': 'eg1ft9otg7lsj2rd47bu8tfe5u'}, 'original_total_price': 0, 'total_price': 0, 'total_discount': 0, 'total_weight': 0.0, 'item_count': 0, 'items': [], 'requires_shipping': False, 'currency': 'THB', 'items_subtotal_price': 0, 'cart_level_discount_applications': [], 'discount_codes': []}}</msg>
<msg time="2025-09-07T14:30:01.875536" level="INFO">${respone_clear_success} = {'status': 200, 'headers': {'x-request-id': '9f3af049-1e7a-4800-a250-6f9fb0aae48d-1757230201', 'content-encoding': 'gzip', 'cf-cache-status': 'DYNAMIC', 'powered-by': 'Shopify', 'x-dc': 'gcp-asia-sout...</msg>
<var>${respone_clear_success}</var>
<arg>${API['clear_cart']}</arg>
<tag>HTTP</tag>
<tag>Wait</tag>
<doc>Waits for response matching matcher and returns the response as robot dict.</doc>
<status status="PASS" start="2025-09-07T14:30:01.490287" elapsed="0.385287"/>
</kw>
<kw name="Wait For Response" owner="Browser">
<msg time="2025-09-07T14:30:02.168697" level="INFO">Response received</msg>
<msg time="2025-09-07T14:30:02.169338" level="INFO">{'status': 200, 'headers': {'server': 'cloudflare', 'x-request-id': 'bd5ce144-c77d-441f-af03-eee8a9f0d279-1757230202', 'content-encoding': 'gzip', 'cf-cache-status': 'DYNAMIC', 'powered-by': 'Shopify', 'x-dc': 'gcp-asia-southeast1,gcp-asia-southeast1,gcp-asia-southeast1', 'x-permitted-cross-domain-policies': 'none', 'report-to': '{"endpoints":[{"url":"https:\\/\\/a.nel.cloudflare.com\\/report\\/v4?s=HBj1zK1jUSs%2BXm%2F%2FCc9lqorDF%2BHwR2zSvnb%2BQIuw5zte5MUoPQXwomXK6qo30BNZayWtNb2%2B9abG8JJ%2BSlvtO759QYLQX5UOfi%2B9W7WyKJKiAkztnYn3CV2F5kWoZO6EbjWSUSiK4g%3D%3D"}],"group":"cf-nel","max_age":604800}', 'x-content-type-options': 'nosniff', 'x-sorting-hat-shopid': '86265594144', 'server-timing': 'processing;dur=28;desc="gc:2", db;dur=2, db_async;dur=1.111, edge_cart;dur=4.83;desc="trips=1", asn;desc="131445", edge;desc="BKK", country;desc="TH", servedBy;desc="xglp", requestID;desc="bd5ce144-c77d-441f-af03-eee8a9f0d279-1757230202", _y;desc="e0f1809a-7ca9-4e40-86c4-99be7058ce7b", _s;desc="b22038f1-0843-43a7-8ccf-19a29f81b2b3", _cmp;desc="3.AMPS_TH10_f_f_tEHDxeKdQnKntt4zg5887A", cfRequestDuration;dur=87.000132, cfExtPri', 'alt-svc': 'h3=":443"; ma=86400', 'date': 'Sun, 07 Sep 2025 07:30:02 GMT', 'x-cartjs-cache': '1', 'content-type': 'text/javascript; charset=utf-8', 'vary': 'Accept-Encoding,Accept', 'priority': 'u=1,i', 'x-frame-options': 'DENY', 'strict-transport-security': 'max-age=7889238', 'content-security-policy': "block-all-mixed-content; frame-ancestors 'none'; upgrade-insecure-requests;", 'nel': '{"success_fraction":0.01,"report_to":"cf-nel","max_age":604800}', 'x-storefront-renderer-rendered': '1', 'x-download-options': 'noopen', 'cf-ray': '97b47f9c3f96d028-BKK', 'shopify-complexity-score': '0', 'x-xss-protection': '1; mode=block', 'x-sorting-hat-podid': '287', 'content-language': 'th-TH', 'x-shopid': '86265594144', 'x-cartjs-updatedat': '1757230201', 'x-shardid': '287'}, 'statusText': '', 'url': 'https://www.supersports.co.th/cart.js?_=1757230202028', 'ok': True, 'request': {'headers': {'sec-ch-ua-platform': '"Windows"', 'referer': 'https://www.supersports.co.th/cart', 'user-agent': 'Mozilla/5.0 (Windows NT 10.0; Win64; x64) AppleWebKit/537.36 (KHTML, like Gecko) Chrome/133.0.0.0 Safari/537.36', 'sec-ch-ua': '"Chromium";v="133", "Not(A:Brand";v="99"', 'sec-ch-ua-mobile': '?0'}, 'method': 'GET', 'postData': None}, 'body': {'token': 'hWN2h2C8MvgypmCOBH28le7g?key=9b3f720a0951252b3b91b6cd9447ef8d', 'note': '', 'attributes': {'_tfcToken': 'eg1ft9otg7lsj2rd47bu8tfe5u'}, 'original_total_price': 0, 'total_price': 0, 'total_discount': 0, 'total_weight': 0.0, 'item_count': 0, 'items': [], 'requires_shipping': False, 'currency': 'THB', 'items_subtotal_price': 0, 'cart_level_discount_applications': [], 'discount_codes': []}}</msg>
<msg time="2025-09-07T14:30:02.169803" level="INFO">${response_cart_detail} = {'status': 200, 'headers': {'server': 'cloudflare', 'x-request-id': 'bd5ce144-c77d-441f-af03-eee8a9f0d279-1757230202', 'content-encoding': 'gzip', 'cf-cache-status': 'DYNAMIC', 'powered-by': 'Shopify'...</msg>
<var>${response_cart_detail}</var>
<arg>${API['cart_detail']}**</arg>
<tag>HTTP</tag>
<tag>Wait</tag>
<doc>Waits for response matching matcher and returns the response as robot dict.</doc>
<status status="PASS" start="2025-09-07T14:30:01.875780" elapsed="0.294063"/>
</kw>
<doc>Go to cart page and remove all items if any</doc>
<status status="PASS" start="2025-09-07T14:30:00.454528" elapsed="1.715448"/>
</kw>
<msg time="2025-09-07T14:30:02.174287" level="INFO">Set timeout to: 25000</msg>
<status status="PASS" start="2025-09-07T14:29:31.511760" elapsed="30.658593"/>
</test>
<status status="PASS" start="2025-09-07T14:29:27.220391" elapsed="34.963798"/>
</suite>
<statistics>
<total>
<stat pass="1" fail="0" skip="0">All Tests</stat>
</total>
<tag>
</tag>
<suite>
<stat name="Supersport Add Cart" id="s1" pass="1" fail="0" skip="0">Supersport Add Cart</stat>
</suite>
</statistics>
<errors>
</errors>
</robot>
